#
# A fatal error has been detected by the Java Runtime Environment:
#
#  SIGSEGV (0xb) at pc=0x00007fff204c5817, pid=56578, tid=259
#
# JRE version: OpenJDK Runtime Environment AdoptOpenJDK (11.0.10+9) (build 11.0.10+9)
# Java VM: OpenJDK 64-Bit Server VM AdoptOpenJDK (11.0.10+9, mixed mode, tiered, compressed oops, g1 gc, bsd-amd64)
# Problematic frame:
# C  [libobjc.A.dylib+0x6817]  objc_msgSend+0x17
#
# No core dump will be written. Core dumps have been disabled. To enable core dumping, try "ulimit -c unlimited" before starting Java again
#
# If you would like to submit a bug report, please visit:
#   https://github.com/AdoptOpenJDK/openjdk-support/issues
# The crash happened outside the Java Virtual Machine in native code.
# See problematic frame for where to report the bug.
#

---------------  S U M M A R Y ------------

Command Line: -javaagent:/Applications/IntelliJ IDEA.app/Contents/lib/idea_rt.jar=56704:/Applications/IntelliJ IDEA.app/Contents/bin -Dfile.encoding=UTF-8 com.codecool.dungeoncrawl.App

Host: MacBookPro15,2 x86_64 2400 MHz, 8 cores, 8G, Darwin 20.4.0
Time: Thu May 27 10:20:20 2021 CEST elapsed time: 30.609590 seconds (0d 0h 0m 30s)

---------------  T H R E A D  ---------------

Current thread (0x00007fe22b0d3800):  JavaThread "JavaFX Application Thread" [_thread_in_native, id=259, stack(0x00007ffeeb1de000,0x00007ffeeb9de000)]

Stack: [0x00007ffeeb1de000,0x00007ffeeb9de000],  sp=0x00007ffeeb9da6a8,  free space=8177k
Native frames: (J=compiled Java code, A=aot compiled Java code, j=interpreted, Vv=VM code, C=native code)
C  [libobjc.A.dylib+0x6817]  objc_msgSend+0x17
C  [libglass.dylib+0x135e6]  -[GlassView3D performKeyEquivalent:]+0x306
C  [AppKit+0x360c7f]  -[NSView performKeyEquivalent:]+0xbd
C  [AppKit+0x360c7f]  -[NSView performKeyEquivalent:]+0xbd
C  [AppKit+0x8f1cb1]  -[NSWindow _commonPerformKeyEquivalent:conditionally:]+0x49
C  [libglass.dylib+0x1b9b0]  -[GlassWindow_Normal performKeyEquivalent:]+0x40
C  [AppKit+0x7b8cfb]  routeKeyEquivalent+0xa2
C  [AppKit+0x1c6a9f]  -[NSApplication(NSEvent) sendEvent:]+0x47b
C  [AppKit+0x49f979]  -[NSApplication _handleEvent:]+0x41
C  [AppKit+0x2f69e]  -[NSApplication run]+0x26f
C  [libglass.dylib+0xae0c]  -[GlassApplication runLoop:]+0x78c
C  [Foundation+0x800c1]  __NSThreadPerformPerform+0xcc
C  [CoreFoundation+0x81a8c]  __CFRUNLOOP_IS_CALLING_OUT_TO_A_SOURCE0_PERFORM_FUNCTION__+0x11
C  [CoreFoundation+0x819f4]  __CFRunLoopDoSource0+0xb4
C  [CoreFoundation+0x81774]  __CFRunLoopDoSources0+0xf2
C  [CoreFoundation+0x8019c]  __CFRunLoopRun+0x37d
C  [CoreFoundation+0x7f75c]  CFRunLoopRunSpecific+0x233
C  [libjli.dylib+0x665b]  CreateExecutionEnvironment+0x18e
C  [libjli.dylib+0x286a]  JLI_Launch+0x52a
C  [java+0x1807]  main+0x177
C  [libdyld.dylib+0x15f3d]  start+0x1


siginfo: si_signo: 11 (SIGSEGV), si_code: 0 (unknown), si_addr: 0x0000000000000000

Register to memory mapping:

RAX=0x00007fff204c5800: objc_msgSend+0 in /usr/lib/libobjc.A.dylib at 0x00007fff204bf000
RBX=0x00007fe22b0d3b48 points into unknown readable memory: 0x0000000109179f08 | 08 9f 17 09 01 00 00 00
RCX=0x00007fe228fd5300 points into unknown readable memory: 0x6000000000000000 | 00 00 00 00 00 00 00 60
RDX=0x000000010ce7f018: OBJC_CLASS_$_GlassNSEvent+0 in /Users/gergoferenczi/.openjfx/cache/12.0.2/libglass.dylib at 0x000000010ce3b000
RSP=0x00007ffeeb9da6a8 is pointing into the stack for thread: 0x00007fe22b0d3800
RBP=0x00007ffeeb9dab10 is pointing into the stack for thread: 0x00007fe22b0d3800
RSI=0x00007fff7bb23f5c: GCC_except_table772+0x5b62f64c in /usr/lib/libobjc.A.dylib at 0x00007fff204bf000
RDI=0x800007fe22f81c50 is an unknown value
R8 =0x0000000000000002 is an unknown value
R9 =0x0000000000000009 is an unknown value
R10=0x00007ffffffffff8 is an unknown value
R11=0x00007fff2323dfc6: -[NSEvent isARepeat]+0 in /System/Library/Frameworks/AppKit.framework/Versions/C/AppKit at 0x00007fff22edc000
R12=0x00007fff204c5800: objc_msgSend+0 in /usr/lib/libobjc.A.dylib at 0x00007fff204bf000
R13=0x0000000000000070 is an unknown value
R14=0x00007fff204c5800: objc_msgSend+0 in /usr/lib/libobjc.A.dylib at 0x00007fff204bf000
R15=0x0000000000000002 is an unknown value


Registers:
RAX=0x00007fff204c5800, RBX=0x00007fe22b0d3b48, RCX=0x00007fe228fd5300, RDX=0x000000010ce7f018
RSP=0x00007ffeeb9da6a8, RBP=0x00007ffeeb9dab10, RSI=0x00007fff7bb23f5c, RDI=0x800007fe22f81c50
R8 =0x0000000000000002, R9 =0x0000000000000009, R10=0x00007ffffffffff8, R11=0x00007fff2323dfc6
R12=0x00007fff204c5800, R13=0x0000000000000070, R14=0x00007fff204c5800, R15=0x0000000000000002
RIP=0x00007fff204c5817, EFLAGS=0x0000000000010246, ERR=0x0000000000000000
  TRAPNO=0x000000000000000d

Top of Stack: (sp=0x00007ffeeb9da6a8)
0x00007ffeeb9da6a8:   000000010ce49f64 00007fff00000002
0x00007ffeeb9da6b8:   000000000000000d 00000001812c8048
0x00007ffeeb9da6c8:   00007fe228f70430 00007fe228fd5300
0x00007ffeeb9da6d8:   00000025459500e5 0000000000000000
0x00007ffeeb9da6e8:   00007fe228ddf0f0 1eab40e4459500e5
0x00007ffeeb9da6f8:   00007fff812c8868 00007fff812cc948
0x00007ffeeb9da708:   00007ffeeb9dad60 00007fe228ddf0f0
0x00007ffeeb9da718:   00007fff812cc948 00007ffeeb9daab0
0x00007ffeeb9da728:   00007fff289462b2 00007fe228ddf0f0
0x00007ffeeb9da738:   00007ffeeb9da7a8 00007ffeeb9da790
0x00007ffeeb9da748:   00007fff206bc464 00007ffeeb9da850
0x00007ffeeb9da758:   00007fff207bd8f7 00007fe228ddf0f0
0x00007ffeeb9da768:   00007fff206c11a9 00007fe22ee74442
0x00007ffeeb9da778:   1eab40e4459500e5 0000000000000024
0x00007ffeeb9da788:   1eab40e4459500e5 00007ffeeb9dabe0
0x00007ffeeb9da798:   00007fff28946d9d 00007fe228ddf0f0
0x00007ffeeb9da7a8:   72bcd9f7e3aed783 00007ffeeb9da7d0
0x00007ffeeb9da7b8:   00007fff2071d0b9 00007fe228ddf0f0
0x00007ffeeb9da7c8:   00007ffeeb9da838 00007ffeeb9da820
0x00007ffeeb9da7d8:   00007fff206bc464 0000000000000000
0x00007ffeeb9da7e8:   0000000000000000 0000000000000000
0x00007ffeeb9da7f8:   0000000000000000 0000000000000000
0x00007ffeeb9da808:   1eab40e4459500e5 0000000000000000
0x00007ffeeb9da818:   00007fe228ddf0f0 1eab40e4459500e5
0x00007ffeeb9da828:   0000000000000001 00007ffeeb9da860
0x00007ffeeb9da838:   00007fff206a3e4a 1eab40e4459500e5
0x00007ffeeb9da848:   ffffffffffffffff 0000000000000002
0x00007ffeeb9da858:   00007ffeeb9dad60 00007ffeeb9dad00
0x00007ffeeb9da868:   00007fff206a2262 0000000000000020
0x00007ffeeb9da878:   00007ffeeb9da8e0 0000000000000001
0x00007ffeeb9da888:   0000000000000600 0000000000000001
0x00007ffeeb9da898:   0000000000000002 00007fff80962b70 

Instructions: (pc=0x00007fff204c5817)
0x00007fff204c5717:   74 cd 48 89 f8 c3 48 8b 05 0c 17 43 60 ff e0 90
0x00007fff204c5727:   90 90 90 90 90 90 90 90 90 90 90 90 90 90 90 90
0x00007fff204c5737:   90 90 90 90 90 90 90 90 90 31 c0 31 d2 0f 57 c0
0x00007fff204c5747:   0f 57 c9 c3 90 d9 ee 31 c0 31 d2 0f 57 c0 0f 57
0x00007fff204c5757:   c9 c3 0f 1f 00 d9 ee d9 ee 31 c0 31 d2 0f 57 c0
0x00007fff204c5767:   0f 57 c9 c3 90 48 89 f8 c3 49 89 fa 49 89 f3 45
0x00007fff204c5777:   23 5a 18 49 c1 e3 04 4d 03 5a 10 49 3b 33 75 0e
0x00007fff204c5787:   49 8b 43 08 48 83 f8 00 74 03 4c 31 d0 c3 49 83
0x00007fff204c5797:   3b 01 76 17 49 83 c3 10 49 3b 33 75 f1 49 8b 43
0x00007fff204c57a7:   08 48 83 f8 00 74 03 4c 31 d0 c3 72 25 4d 8b 5b
0x00007fff204c57b7:   08 eb 0a 49 83 3b 01 76 17 49 83 c3 10 49 3b 33
0x00007fff204c57c7:   75 f1 49 8b 43 08 48 83 f8 00 74 03 4c 31 d0 c3
0x00007fff204c57d7:   eb 00 31 c0 c3 66 66 66 66 66 66 2e 0f 1f 84 00
0x00007fff204c57e7:   00 00 00 00 66 66 66 66 66 66 2e 0f 1f 84 00 00
0x00007fff204c57f7:   00 00 00 66 0f 1f 44 00 00 48 85 ff 2e 74 72 40
0x00007fff204c5807:   f6 c7 01 2e 75 76 49 ba f8 ff ff ff ff 7f 00 00
0x00007fff204c5817:   4c 23 17 49 89 f3 45 23 5a 18 49 c1 e3 04 4d 03
0x00007fff204c5827:   5a 10 49 3b 33 75 0a 4d 8b 5b 08 4d 31 d3 41 ff
0x00007fff204c5837:   e3 49 83 3b 01 76 13 49 83 c3 10 49 3b 33 75 f1
0x00007fff204c5847:   4d 8b 5b 08 4d 31 d3 41 ff e3 72 70 4d 8b 5b 08
0x00007fff204c5857:   eb 0a 49 83 3b 01 76 13 49 83 c3 10 49 3b 33 75
0x00007fff204c5867:   f1 4d 8b 5b 08 4d 31 d3 41 ff e3 eb 4f 0f 1f 40
0x00007fff204c5877:   00 31 c0 31 d2 0f 57 c0 0f 57 c9 c3 41 89 fb 41
0x00007fff204c5887:   83 e3 0f 4c 8d 15 6f 0c 43 60 4f 8b 14 da 4c 8d
0x00007fff204c5897:   1d 3c 0b 43 60 4d 39 d3 0f 85 75 ff ff ff 41 89
0x00007fff204c58a7:   fb 41 c1 eb 04 41 81 e3 ff 00 00 00 4c 8d 15 c6
0x00007fff204c58b7:   0c 43 60 4f 8b 14 da e9 57 ff ff ff e9 88 0a 00
0x00007fff204c58c7:   00 66 66 66 66 66 66 2e 0f 1f 84 00 00 00 00 00
0x00007fff204c58d7:   66 66 66 66 66 66 2e 0f 1f 84 00 00 00 00 00 66
0x00007fff204c58e7:   66 66 66 66 66 2e 0f 1f 84 00 00 00 00 00 66 66
0x00007fff204c58f7:   2e 0f 1f 84 00 00 00 00 00 48 85 ff 2e 74 6a 40
0x00007fff204c5907:   f6 c7 01 2e 75 6b 49 ba f8 ff ff ff ff 7f 00 00 


Stack slot to memory mapping:
stack at sp + 0 slots: 0x000000010ce49f64: -[GlassViewDelegate sendJavaKeyEvent:isDown:]+0x3e4 in /Users/gergoferenczi/.openjfx/cache/12.0.2/libglass.dylib at 0x000000010ce3b000
stack at sp + 1 slots: 0x00007fff00000002 is an unknown value
stack at sp + 2 slots: 0x000000000000000d is an unknown value
stack at sp + 3 slots: 0x00000001812c8048 is an unknown value
stack at sp + 4 slots: 0x00007fe228f70430 points into unknown readable memory: 0x0000000783401300 | 00 13 40 83 07 00 00 00
stack at sp + 5 slots: 0x00007fe228fd5300 points into unknown readable memory: 0x6000000000000000 | 00 00 00 00 00 00 00 60
stack at sp + 6 slots: 0x00000025459500e5 is an unknown value
stack at sp + 7 slots: 0x0 is NULL


---------------  P R O C E S S  ---------------

Threads class SMR info:
_java_thread_list=0x00007fe22f91bec0, length=18, elements={
0x00007fe22980f000, 0x00007fe229828800, 0x00007fe22a09d800, 0x00007fe22a0a7000,
0x00007fe22b046000, 0x00007fe22b047800, 0x00007fe22a0a8000, 0x00007fe22a0a9000,
0x00007fe22900d000, 0x00007fe22d0b0000, 0x00007fe22d80e800, 0x00007fe2298a2800,
0x00007fe22b180000, 0x00007fe22b0d3800, 0x00007fe22b1a1800, 0x00007fe22a25a800,
0x00007fe22a2ee000, 0x00007fe229c6f800
}

Java Threads: ( => current thread )
  0x00007fe22980f000 JavaThread "main" [_thread_blocked, id=9731, stack(0x000070000b2dd000,0x000070000b3dd000)]
  0x00007fe229828800 JavaThread "Reference Handler" daemon [_thread_blocked, id=18179, stack(0x000070000b9f2000,0x000070000baf2000)]
  0x00007fe22a09d800 JavaThread "Finalizer" daemon [_thread_blocked, id=17923, stack(0x000070000baf5000,0x000070000bbf5000)]
  0x00007fe22a0a7000 JavaThread "Signal Dispatcher" daemon [_thread_blocked, id=16131, stack(0x000070000bcfe000,0x000070000bdfe000)]
  0x00007fe22b046000 JavaThread "Service Thread" daemon [_thread_blocked, id=43267, stack(0x000070000be01000,0x000070000bf01000)]
  0x00007fe22b047800 JavaThread "C2 CompilerThread0" daemon [_thread_blocked, id=22531, stack(0x000070000bf04000,0x000070000c004000)]
  0x00007fe22a0a8000 JavaThread "C1 CompilerThread0" daemon [_thread_blocked, id=43011, stack(0x000070000c007000,0x000070000c107000)]
  0x00007fe22a0a9000 JavaThread "Sweeper thread" daemon [_thread_blocked, id=42755, stack(0x000070000c10a000,0x000070000c20a000)]
  0x00007fe22900d000 JavaThread "Common-Cleaner" daemon [_thread_blocked, id=23811, stack(0x000070000c20d000,0x000070000c30d000)]
  0x00007fe22d0b0000 JavaThread "Monitor Ctrl-Break" daemon [_thread_in_native, id=24323, stack(0x000070000c310000,0x000070000c410000)]
  0x00007fe22d80e800 JavaThread "JavaFX-Launcher" [_thread_blocked, id=41475, stack(0x000070000c516000,0x000070000c616000)]
  0x00007fe2298a2800 JavaThread "QuantumRenderer-0" daemon [_thread_blocked, id=25603, stack(0x000070000c619000,0x000070000c719000)]
  0x00007fe22b180000 JavaThread "InvokeLaterDispatcher" daemon [_thread_blocked, id=29703, stack(0x000070000c71c000,0x000070000c81c000)]
=>0x00007fe22b0d3800 JavaThread "JavaFX Application Thread" [_thread_in_native, id=259, stack(0x00007ffeeb1de000,0x00007ffeeb9de000)]
  0x00007fe22b1a1800 JavaThread "Attach Listener" daemon [_thread_blocked, id=78595, stack(0x000070000cd2e000,0x000070000ce2e000)]
  0x00007fe22a25a800 JavaThread "Prism Font Disposer" daemon [_thread_blocked, id=72195, stack(0x000070000d03a000,0x000070000d13a000)]
  0x00007fe22a2ee000 JavaThread "Cleaner-0" daemon [_thread_blocked, id=60679, stack(0x000070000d243000,0x000070000d343000)]
  0x00007fe229c6f800 JavaThread "PulseTimer-CVDisplayLink thread" daemon [_thread_in_native, id=55903, stack(0x000070000bbf8000,0x000070000bc78000)]

Other Threads:
  0x00007fe229828000 VMThread "VM Thread" [stack: 0x000070000b8ef000,0x000070000b9ef000] [id=13315]
  0x00007fe22987c800 WatcherThread [stack: 0x000070000c413000,0x000070000c513000] [id=24579]
  0x00007fe22981e000 GCTaskThread "GC Thread#0" [stack: 0x000070000b3e0000,0x000070000b4e0000] [id=20483]
  0x00007fe22b1a4800 GCTaskThread "GC Thread#1" [stack: 0x000070000c81f000,0x000070000c91f000] [id=83207]
  0x00007fe22d814000 GCTaskThread "GC Thread#2" [stack: 0x000070000c922000,0x000070000ca22000] [id=80143]
  0x00007fe22a244800 GCTaskThread "GC Thread#3" [stack: 0x000070000ca25000,0x000070000cb25000] [id=48387]
  0x00007fe22a245800 GCTaskThread "GC Thread#4" [stack: 0x000070000cb28000,0x000070000cc28000] [id=79363]
  0x00007fe22a159000 GCTaskThread "GC Thread#5" [stack: 0x000070000cc2b000,0x000070000cd2b000] [id=48643]
  0x00007fe22a029000 ConcurrentGCThread "G1 Main Marker" [stack: 0x000070000b4e3000,0x000070000b5e3000] [id=11267]
  0x00007fe22c008800 ConcurrentGCThread "G1 Conc#0" [stack: 0x000070000b5e6000,0x000070000b6e6000] [id=11779]
  0x00007fe22a2c8800 ConcurrentGCThread "G1 Conc#1" [stack: 0x000070000cf37000,0x000070000d037000] [id=72455]
  0x00007fe22b02c000 ConcurrentGCThread "G1 Refine#0" [stack: 0x000070000b6e9000,0x000070000b7e9000] [id=19459]
  0x00007fe22b02d000 ConcurrentGCThread "G1 Young RemSet Sampling" [stack: 0x000070000b7ec000,0x000070000b8ec000] [id=12291]

Threads with active compile tasks:

VM state:not at safepoint (normal execution)

VM Mutex/Monitor currently owned by a thread: None

Heap address: 0x0000000780000000, size: 2048 MB, Compressed Oops mode: Zero based, Oop shift amount: 3
Narrow klass base: 0x0000000800000000, Narrow klass shift: 0
Compressed class space size: 1073741824 Address: 0x0000000800000000

Heap:
 garbage-first heap   total 131072K, used 92624K [0x0000000780000000, 0x0000000800000000)
  region size 1024K, 72 young (73728K), 1 survivors (1024K)
 Metaspace       used 25231K, capacity 25993K, committed 26240K, reserved 1073152K
  class space    used 3029K, capacity 3329K, committed 3456K, reserved 1048576K
Heap Regions: E=young(eden), S=young(survivor), O=old, HS=humongous(starts), HC=humongous(continues), CS=collection set, F=free, A=archive, TAMS=top-at-mark-start (previous, next)
|   0|0x0000000780000000, 0x0000000780100000, 0x0000000780100000|100%|HS|  |TAMS 0x0000000780000000, 0x0000000780000000| Complete 
|   1|0x0000000780100000, 0x0000000780200000, 0x0000000780200000|100%|HC|  |TAMS 0x0000000780100000, 0x0000000780100000| Complete 
|   2|0x0000000780200000, 0x0000000780300000, 0x0000000780300000|100%|HS|  |TAMS 0x0000000780300000, 0x0000000780200000| Complete 
|   3|0x0000000780300000, 0x0000000780400000, 0x0000000780400000|100%|HC|  |TAMS 0x0000000780400000, 0x0000000780300000| Complete 
|   4|0x0000000780400000, 0x0000000780500000, 0x0000000780500000|100%|HC|  |TAMS 0x0000000780500000, 0x0000000780400000| Complete 
|   5|0x0000000780500000, 0x0000000780600000, 0x0000000780600000|100%|HC|  |TAMS 0x0000000780600000, 0x0000000780500000| Complete 
|   6|0x0000000780600000, 0x0000000780700000, 0x0000000780700000|100%|HC|  |TAMS 0x0000000780700000, 0x0000000780600000| Complete 
|   7|0x0000000780700000, 0x0000000780800000, 0x0000000780800000|100%| O|  |TAMS 0x00000007807baa00, 0x0000000780700000| Untracked 
|   8|0x0000000780800000, 0x0000000780900000, 0x0000000780900000|100%| O|  |TAMS 0x0000000780800000, 0x0000000780800000| Untracked 
|   9|0x0000000780900000, 0x0000000780a00000, 0x0000000780a00000|100%| O|  |TAMS 0x0000000780900000, 0x0000000780900000| Untracked 
|  10|0x0000000780a00000, 0x0000000780b00000, 0x0000000780b00000|100%| O|  |TAMS 0x0000000780a00000, 0x0000000780a00000| Untracked 
|  11|0x0000000780b00000, 0x0000000780c00000, 0x0000000780c00000|100%| O|  |TAMS 0x0000000780b00000, 0x0000000780b00000| Untracked 
|  12|0x0000000780c00000, 0x0000000780d00000, 0x0000000780d00000|100%| O|  |TAMS 0x0000000780c00000, 0x0000000780c00000| Untracked 
|  13|0x0000000780d00000, 0x0000000780e00000, 0x0000000780e00000|100%| O|  |TAMS 0x0000000780d00000, 0x0000000780d00000| Untracked 
|  14|0x0000000780e00000, 0x0000000780f00000, 0x0000000780f00000|100%| O|  |TAMS 0x0000000780e00000, 0x0000000780e00000| Untracked 
|  15|0x0000000780f00000, 0x0000000780f71000, 0x0000000781000000| 44%| O|  |TAMS 0x0000000780f00000, 0x0000000780f00000| Untracked 
|  16|0x0000000781000000, 0x0000000781000000, 0x0000000781100000|  0%| F|  |TAMS 0x0000000781000000, 0x0000000781000000| Untracked 
|  17|0x0000000781100000, 0x0000000781200000, 0x0000000781200000|100%|HS|  |TAMS 0x0000000781100000, 0x0000000781100000| Complete 
|  18|0x0000000781200000, 0x0000000781300000, 0x0000000781300000|100%|HC|  |TAMS 0x0000000781200000, 0x0000000781200000| Complete 
|  19|0x0000000781300000, 0x0000000781400000, 0x0000000781400000|100%|HC|  |TAMS 0x0000000781300000, 0x0000000781300000| Complete 
|  20|0x0000000781400000, 0x0000000781500000, 0x0000000781500000|100%|HS|  |TAMS 0x0000000781400000, 0x0000000781400000| Complete 
|  21|0x0000000781500000, 0x0000000781600000, 0x0000000781600000|100%|HC|  |TAMS 0x0000000781500000, 0x0000000781500000| Complete 
|  22|0x0000000781600000, 0x0000000781600000, 0x0000000781700000|  0%| F|  |TAMS 0x0000000781600000, 0x0000000781600000| Untracked 
|  23|0x0000000781700000, 0x0000000781700000, 0x0000000781800000|  0%| F|  |TAMS 0x0000000781700000, 0x0000000781700000| Untracked 
|  24|0x0000000781800000, 0x0000000781800000, 0x0000000781900000|  0%| F|  |TAMS 0x0000000781800000, 0x0000000781800000| Untracked 
|  25|0x0000000781900000, 0x0000000781900000, 0x0000000781a00000|  0%| F|  |TAMS 0x0000000781900000, 0x0000000781900000| Untracked 
|  26|0x0000000781a00000, 0x0000000781a00000, 0x0000000781b00000|  0%| F|  |TAMS 0x0000000781a00000, 0x0000000781a00000| Untracked 
|  27|0x0000000781b00000, 0x0000000781b00000, 0x0000000781c00000|  0%| F|  |TAMS 0x0000000781b00000, 0x0000000781b00000| Untracked 
|  28|0x0000000781c00000, 0x0000000781c00000, 0x0000000781d00000|  0%| F|  |TAMS 0x0000000781c00000, 0x0000000781c00000| Untracked 
|  29|0x0000000781d00000, 0x0000000781d00000, 0x0000000781e00000|  0%| F|  |TAMS 0x0000000781d00000, 0x0000000781d00000| Untracked 
|  30|0x0000000781e00000, 0x0000000781e00000, 0x0000000781f00000|  0%| F|  |TAMS 0x0000000781e00000, 0x0000000781e00000| Untracked 
|  31|0x0000000781f00000, 0x0000000781f00000, 0x0000000782000000|  0%| F|  |TAMS 0x0000000781f00000, 0x0000000781f00000| Untracked 
|  32|0x0000000782000000, 0x0000000782000000, 0x0000000782100000|  0%| F|  |TAMS 0x0000000782000000, 0x0000000782000000| Untracked 
|  33|0x0000000782100000, 0x0000000782100000, 0x0000000782200000|  0%| F|  |TAMS 0x0000000782100000, 0x0000000782100000| Untracked 
|  34|0x0000000782200000, 0x0000000782200000, 0x0000000782300000|  0%| F|  |TAMS 0x0000000782200000, 0x0000000782200000| Untracked 
|  35|0x0000000782300000, 0x0000000782300000, 0x0000000782400000|  0%| F|  |TAMS 0x0000000782300000, 0x0000000782300000| Untracked 
|  36|0x0000000782400000, 0x0000000782400000, 0x0000000782500000|  0%| F|  |TAMS 0x0000000782400000, 0x0000000782400000| Untracked 
|  37|0x0000000782500000, 0x0000000782500000, 0x0000000782600000|  0%| F|  |TAMS 0x0000000782500000, 0x0000000782500000| Untracked 
|  38|0x0000000782600000, 0x0000000782600000, 0x0000000782700000|  0%| F|  |TAMS 0x0000000782600000, 0x0000000782600000| Untracked 
|  39|0x0000000782700000, 0x0000000782700000, 0x0000000782800000|  0%| F|  |TAMS 0x0000000782700000, 0x0000000782700000| Untracked 
|  40|0x0000000782800000, 0x0000000782800000, 0x0000000782900000|  0%| F|  |TAMS 0x0000000782800000, 0x0000000782800000| Untracked 
|  41|0x0000000782900000, 0x0000000782900000, 0x0000000782a00000|  0%| F|  |TAMS 0x0000000782900000, 0x0000000782900000| Untracked 
|  42|0x0000000782a00000, 0x0000000782a00000, 0x0000000782b00000|  0%| F|  |TAMS 0x0000000782a00000, 0x0000000782a00000| Untracked 
|  43|0x0000000782b00000, 0x0000000782b00000, 0x0000000782c00000|  0%| F|  |TAMS 0x0000000782b00000, 0x0000000782b00000| Untracked 
|  44|0x0000000782c00000, 0x0000000782c00000, 0x0000000782d00000|  0%| F|  |TAMS 0x0000000782c00000, 0x0000000782c00000| Untracked 
|  45|0x0000000782d00000, 0x0000000782d00000, 0x0000000782e00000|  0%| F|  |TAMS 0x0000000782d00000, 0x0000000782d00000| Untracked 
|  46|0x0000000782e00000, 0x0000000782e00000, 0x0000000782f00000|  0%| F|  |TAMS 0x0000000782e00000, 0x0000000782e00000| Untracked 
|  47|0x0000000782f00000, 0x0000000782f00000, 0x0000000783000000|  0%| F|  |TAMS 0x0000000782f00000, 0x0000000782f00000| Untracked 
|  48|0x0000000783000000, 0x0000000783000000, 0x0000000783100000|  0%| F|  |TAMS 0x0000000783000000, 0x0000000783000000| Untracked 
|  49|0x0000000783100000, 0x0000000783100000, 0x0000000783200000|  0%| F|  |TAMS 0x0000000783100000, 0x0000000783100000| Untracked 
|  50|0x0000000783200000, 0x0000000783200000, 0x0000000783300000|  0%| F|  |TAMS 0x0000000783200000, 0x0000000783200000| Untracked 
|  51|0x0000000783300000, 0x0000000783300000, 0x0000000783400000|  0%| F|  |TAMS 0x0000000783300000, 0x0000000783300000| Untracked 
|  52|0x0000000783400000, 0x0000000783403060, 0x0000000783500000|  1%| S|CS|TAMS 0x0000000783400000, 0x0000000783400000| Complete 
|  53|0x0000000783500000, 0x0000000783500000, 0x0000000783600000|  0%| F|  |TAMS 0x0000000783500000, 0x0000000783500000| Untracked 
|  54|0x0000000783600000, 0x0000000783600000, 0x0000000783700000|  0%| F|  |TAMS 0x0000000783600000, 0x0000000783600000| Untracked 
|  55|0x0000000783700000, 0x0000000783700000, 0x0000000783800000|  0%| F|  |TAMS 0x0000000783700000, 0x0000000783700000| Untracked 
|  56|0x0000000783800000, 0x0000000783800000, 0x0000000783900000|  0%| F|  |TAMS 0x0000000783800000, 0x0000000783800000| Untracked 
|  57|0x0000000783900000, 0x0000000783980800, 0x0000000783a00000| 50%| E|  |TAMS 0x0000000783900000, 0x0000000783900000| Complete 
|  58|0x0000000783a00000, 0x0000000783b00000, 0x0000000783b00000|100%| E|CS|TAMS 0x0000000783a00000, 0x0000000783a00000| Complete 
|  59|0x0000000783b00000, 0x0000000783c00000, 0x0000000783c00000|100%| E|CS|TAMS 0x0000000783b00000, 0x0000000783b00000| Complete 
|  60|0x0000000783c00000, 0x0000000783d00000, 0x0000000783d00000|100%| E|CS|TAMS 0x0000000783c00000, 0x0000000783c00000| Complete 
|  61|0x0000000783d00000, 0x0000000783e00000, 0x0000000783e00000|100%| E|CS|TAMS 0x0000000783d00000, 0x0000000783d00000| Complete 
|  62|0x0000000783e00000, 0x0000000783f00000, 0x0000000783f00000|100%| E|CS|TAMS 0x0000000783e00000, 0x0000000783e00000| Complete 
|  63|0x0000000783f00000, 0x0000000784000000, 0x0000000784000000|100%| E|CS|TAMS 0x0000000783f00000, 0x0000000783f00000| Complete 
|  64|0x0000000784000000, 0x0000000784100000, 0x0000000784100000|100%| E|CS|TAMS 0x0000000784000000, 0x0000000784000000| Complete 
|  65|0x0000000784100000, 0x0000000784200000, 0x0000000784200000|100%| E|CS|TAMS 0x0000000784100000, 0x0000000784100000| Complete 
|  66|0x0000000784200000, 0x0000000784300000, 0x0000000784300000|100%| E|CS|TAMS 0x0000000784200000, 0x0000000784200000| Complete 
|  67|0x0000000784300000, 0x0000000784400000, 0x0000000784400000|100%| E|CS|TAMS 0x0000000784300000, 0x0000000784300000| Complete 
|  68|0x0000000784400000, 0x0000000784500000, 0x0000000784500000|100%| E|CS|TAMS 0x0000000784400000, 0x0000000784400000| Complete 
|  69|0x0000000784500000, 0x0000000784600000, 0x0000000784600000|100%| E|CS|TAMS 0x0000000784500000, 0x0000000784500000| Complete 
|  70|0x0000000784600000, 0x0000000784700000, 0x0000000784700000|100%| E|CS|TAMS 0x0000000784600000, 0x0000000784600000| Complete 
|  71|0x0000000784700000, 0x0000000784800000, 0x0000000784800000|100%| E|CS|TAMS 0x0000000784700000, 0x0000000784700000| Complete 
|  72|0x0000000784800000, 0x0000000784900000, 0x0000000784900000|100%| E|CS|TAMS 0x0000000784800000, 0x0000000784800000| Complete 
|  73|0x0000000784900000, 0x0000000784a00000, 0x0000000784a00000|100%| E|CS|TAMS 0x0000000784900000, 0x0000000784900000| Complete 
|  74|0x0000000784a00000, 0x0000000784b00000, 0x0000000784b00000|100%| E|CS|TAMS 0x0000000784a00000, 0x0000000784a00000| Complete 
|  75|0x0000000784b00000, 0x0000000784c00000, 0x0000000784c00000|100%| E|CS|TAMS 0x0000000784b00000, 0x0000000784b00000| Complete 
|  76|0x0000000784c00000, 0x0000000784d00000, 0x0000000784d00000|100%| E|CS|TAMS 0x0000000784c00000, 0x0000000784c00000| Complete 
|  77|0x0000000784d00000, 0x0000000784e00000, 0x0000000784e00000|100%| E|CS|TAMS 0x0000000784d00000, 0x0000000784d00000| Complete 
|  78|0x0000000784e00000, 0x0000000784f00000, 0x0000000784f00000|100%| E|CS|TAMS 0x0000000784e00000, 0x0000000784e00000| Complete 
|  79|0x0000000784f00000, 0x0000000785000000, 0x0000000785000000|100%| E|CS|TAMS 0x0000000784f00000, 0x0000000784f00000| Complete 
|  80|0x0000000785000000, 0x0000000785100000, 0x0000000785100000|100%| E|CS|TAMS 0x0000000785000000, 0x0000000785000000| Complete 
|  81|0x0000000785100000, 0x0000000785200000, 0x0000000785200000|100%| E|CS|TAMS 0x0000000785100000, 0x0000000785100000| Complete 
|  82|0x0000000785200000, 0x0000000785300000, 0x0000000785300000|100%| E|CS|TAMS 0x0000000785200000, 0x0000000785200000| Complete 
|  83|0x0000000785300000, 0x0000000785400000, 0x0000000785400000|100%| E|CS|TAMS 0x0000000785300000, 0x0000000785300000| Complete 
|  84|0x0000000785400000, 0x0000000785500000, 0x0000000785500000|100%| E|CS|TAMS 0x0000000785400000, 0x0000000785400000| Complete 
|  85|0x0000000785500000, 0x0000000785600000, 0x0000000785600000|100%| E|CS|TAMS 0x0000000785500000, 0x0000000785500000| Complete 
|  86|0x0000000785600000, 0x0000000785700000, 0x0000000785700000|100%| E|CS|TAMS 0x0000000785600000, 0x0000000785600000| Complete 
|  87|0x0000000785700000, 0x0000000785800000, 0x0000000785800000|100%| E|CS|TAMS 0x0000000785700000, 0x0000000785700000| Complete 
|  88|0x0000000785800000, 0x0000000785900000, 0x0000000785900000|100%| E|CS|TAMS 0x0000000785800000, 0x0000000785800000| Complete 
|  89|0x0000000785900000, 0x0000000785a00000, 0x0000000785a00000|100%| E|CS|TAMS 0x0000000785900000, 0x0000000785900000| Complete 
|  90|0x0000000785a00000, 0x0000000785b00000, 0x0000000785b00000|100%| E|CS|TAMS 0x0000000785a00000, 0x0000000785a00000| Complete 
|  91|0x0000000785b00000, 0x0000000785c00000, 0x0000000785c00000|100%| E|CS|TAMS 0x0000000785b00000, 0x0000000785b00000| Complete 
|  92|0x0000000785c00000, 0x0000000785d00000, 0x0000000785d00000|100%| E|CS|TAMS 0x0000000785c00000, 0x0000000785c00000| Complete 
|  93|0x0000000785d00000, 0x0000000785e00000, 0x0000000785e00000|100%| E|CS|TAMS 0x0000000785d00000, 0x0000000785d00000| Complete 
|  94|0x0000000785e00000, 0x0000000785f00000, 0x0000000785f00000|100%| E|CS|TAMS 0x0000000785e00000, 0x0000000785e00000| Complete 
|  95|0x0000000785f00000, 0x0000000786000000, 0x0000000786000000|100%| E|CS|TAMS 0x0000000785f00000, 0x0000000785f00000| Complete 
|  96|0x0000000786000000, 0x0000000786100000, 0x0000000786100000|100%| E|CS|TAMS 0x0000000786000000, 0x0000000786000000| Complete 
|  97|0x0000000786100000, 0x0000000786200000, 0x0000000786200000|100%| E|CS|TAMS 0x0000000786100000, 0x0000000786100000| Complete 
|  98|0x0000000786200000, 0x0000000786300000, 0x0000000786300000|100%| E|CS|TAMS 0x0000000786200000, 0x0000000786200000| Complete 
|  99|0x0000000786300000, 0x0000000786400000, 0x0000000786400000|100%| E|CS|TAMS 0x0000000786300000, 0x0000000786300000| Complete 
| 100|0x0000000786400000, 0x0000000786500000, 0x0000000786500000|100%| E|CS|TAMS 0x0000000786400000, 0x0000000786400000| Complete 
| 101|0x0000000786500000, 0x0000000786600000, 0x0000000786600000|100%| E|CS|TAMS 0x0000000786500000, 0x0000000786500000| Complete 
| 102|0x0000000786600000, 0x0000000786700000, 0x0000000786700000|100%| E|CS|TAMS 0x0000000786600000, 0x0000000786600000| Complete 
| 103|0x0000000786700000, 0x0000000786800000, 0x0000000786800000|100%| E|CS|TAMS 0x0000000786700000, 0x0000000786700000| Complete 
| 104|0x0000000786800000, 0x0000000786900000, 0x0000000786900000|100%| E|CS|TAMS 0x0000000786800000, 0x0000000786800000| Complete 
| 105|0x0000000786900000, 0x0000000786a00000, 0x0000000786a00000|100%| E|CS|TAMS 0x0000000786900000, 0x0000000786900000| Complete 
| 106|0x0000000786a00000, 0x0000000786b00000, 0x0000000786b00000|100%| E|CS|TAMS 0x0000000786a00000, 0x0000000786a00000| Complete 
| 107|0x0000000786b00000, 0x0000000786c00000, 0x0000000786c00000|100%| E|CS|TAMS 0x0000000786b00000, 0x0000000786b00000| Complete 
| 108|0x0000000786c00000, 0x0000000786d00000, 0x0000000786d00000|100%| E|CS|TAMS 0x0000000786c00000, 0x0000000786c00000| Complete 
| 109|0x0000000786d00000, 0x0000000786e00000, 0x0000000786e00000|100%| E|CS|TAMS 0x0000000786d00000, 0x0000000786d00000| Complete 
| 110|0x0000000786e00000, 0x0000000786f00000, 0x0000000786f00000|100%| E|CS|TAMS 0x0000000786e00000, 0x0000000786e00000| Complete 
| 111|0x0000000786f00000, 0x0000000787000000, 0x0000000787000000|100%| E|CS|TAMS 0x0000000786f00000, 0x0000000786f00000| Complete 
| 112|0x0000000787000000, 0x0000000787100000, 0x0000000787100000|100%| E|CS|TAMS 0x0000000787000000, 0x0000000787000000| Complete 
| 113|0x0000000787100000, 0x0000000787200000, 0x0000000787200000|100%| E|CS|TAMS 0x0000000787100000, 0x0000000787100000| Complete 
| 114|0x0000000787200000, 0x0000000787300000, 0x0000000787300000|100%| E|CS|TAMS 0x0000000787200000, 0x0000000787200000| Complete 
| 115|0x0000000787300000, 0x0000000787400000, 0x0000000787400000|100%| E|CS|TAMS 0x0000000787300000, 0x0000000787300000| Complete 
| 116|0x0000000787400000, 0x0000000787500000, 0x0000000787500000|100%| E|CS|TAMS 0x0000000787400000, 0x0000000787400000| Complete 
| 117|0x0000000787500000, 0x0000000787600000, 0x0000000787600000|100%| E|CS|TAMS 0x0000000787500000, 0x0000000787500000| Complete 
| 118|0x0000000787600000, 0x0000000787700000, 0x0000000787700000|100%| E|CS|TAMS 0x0000000787600000, 0x0000000787600000| Complete 
| 119|0x0000000787700000, 0x0000000787800000, 0x0000000787800000|100%| E|CS|TAMS 0x0000000787700000, 0x0000000787700000| Complete 
| 120|0x0000000787800000, 0x0000000787900000, 0x0000000787900000|100%| E|CS|TAMS 0x0000000787800000, 0x0000000787800000| Complete 
| 121|0x0000000787900000, 0x0000000787a00000, 0x0000000787a00000|100%| E|CS|TAMS 0x0000000787900000, 0x0000000787900000| Complete 
| 122|0x0000000787a00000, 0x0000000787b00000, 0x0000000787b00000|100%| E|CS|TAMS 0x0000000787a00000, 0x0000000787a00000| Complete 
| 123|0x0000000787b00000, 0x0000000787c00000, 0x0000000787c00000|100%| E|CS|TAMS 0x0000000787b00000, 0x0000000787b00000| Complete 
| 124|0x0000000787c00000, 0x0000000787d00000, 0x0000000787d00000|100%| E|CS|TAMS 0x0000000787c00000, 0x0000000787c00000| Complete 
| 125|0x0000000787d00000, 0x0000000787e00000, 0x0000000787e00000|100%| E|CS|TAMS 0x0000000787d00000, 0x0000000787d00000| Complete 
| 126|0x0000000787e00000, 0x0000000787f00000, 0x0000000787f00000|100%| E|CS|TAMS 0x0000000787e00000, 0x0000000787e00000| Complete 
| 127|0x0000000787f00000, 0x0000000788000000, 0x0000000788000000|100%| E|CS|TAMS 0x0000000787f00000, 0x0000000787f00000| Complete 

Card table byte_map: [0x00000001099db000,0x0000000109ddb000] _byte_map_base: 0x0000000105ddb000

Marking Bits (Prev, Next): (CMBitMap*) 0x00007fe22a020450, (CMBitMap*) 0x00007fe22a020418
 Prev Bits: [0x0000000125120000, 0x0000000127120000)
 Next Bits: [0x000000010a1db000, 0x000000010c1db000)

Polling page: 0x00000001042a5000

Metaspace:

Usage:
  Non-class:     22.13 MB capacity,    21.68 MB ( 98%) used,   379.74 KB (  2%) free+waste,    82.62 KB ( <1%) overhead. 
      Class:      3.25 MB capacity,     2.96 MB ( 91%) used,   257.39 KB (  8%) free+waste,    41.94 KB (  1%) overhead. 
       Both:     25.38 MB capacity,    24.64 MB ( 97%) used,   637.13 KB (  2%) free+waste,   124.56 KB ( <1%) overhead. 

Virtual space:
  Non-class space:       24.00 MB reserved,      22.25 MB ( 93%) committed 
      Class space:        1.00 GB reserved,       3.38 MB ( <1%) committed 
             Both:        1.02 GB reserved,      25.62 MB (  2%) committed 

Chunk freelists:
   Non-Class:  108.00 KB
       Class:  0 bytes
        Both:  108.00 KB

MaxMetaspaceSize: unlimited
CompressedClassSpaceSize: 1.00 GB

CodeHeap 'non-profiled nmethods': size=120032Kb used=1528Kb max_used=1528Kb free=118503Kb
 bounds [0x000000011dbe8000, 0x000000011de58000, 0x0000000125120000]
CodeHeap 'profiled nmethods': size=120028Kb used=5712Kb max_used=5712Kb free=114315Kb
 bounds [0x00000001166b1000, 0x0000000116c51000, 0x000000011dbe8000]
CodeHeap 'non-nmethods': size=5700Kb used=1342Kb max_used=1393Kb free=4357Kb
 bounds [0x0000000116120000, 0x0000000116390000, 0x00000001166b1000]
 total_blobs=3677 nmethods=2888 adapters=701
 compilation: enabled
              stopped_count=0, restarted_count=0
 full_count=0

Compilation events (20 events):
Event: 30.598 Thread 0x00007fe22a0a8000 nmethod 2888 0x0000000116c37c10 code [0x0000000116c37dc0, 0x0000000116c38050]
Event: 30.598 Thread 0x00007fe22a0a8000 2889       3       javafx.scene.Node::getId (22 bytes)
Event: 30.598 Thread 0x00007fe22a0a8000 nmethod 2889 0x0000000116c38110 code [0x0000000116c382e0, 0x0000000116c38600]
Event: 30.598 Thread 0x00007fe22a0a8000 2890       1       com.sun.javafx.css.StyleMap::getId (5 bytes)
Event: 30.598 Thread 0x00007fe22a0a8000 nmethod 2890 0x000000011dd64f10 code [0x000000011dd650c0, 0x000000011dd65170]
Event: 30.598 Thread 0x00007fe22a0a8000 2892       3       java.lang.Enum::hashCode (5 bytes)
Event: 30.598 Thread 0x00007fe22a0a8000 nmethod 2892 0x0000000116c38710 code [0x0000000116c388c0, 0x0000000116c389e0]
Event: 30.598 Thread 0x00007fe22a0a8000 2893       3       com.sun.javafx.binding.ExpressionHelper::addListener (45 bytes)
Event: 30.599 Thread 0x00007fe22a0a8000 nmethod 2893 0x0000000116c38a90 code [0x0000000116c38ca0, 0x0000000116c39380]
Event: 30.599 Thread 0x00007fe22a0a8000 2895       3       javafx.scene.CssStyleHelper$CacheContainer::<init> (236 bytes)
Event: 30.600 Thread 0x00007fe22a0a8000 nmethod 2895 0x0000000116c39590 code [0x0000000116c398a0, 0x0000000116c3b000]
Event: 30.600 Thread 0x00007fe22a0a8000 2898       3       javafx.scene.Node::doGeomChanged (45 bytes)
Event: 30.600 Thread 0x00007fe22a0a8000 nmethod 2898 0x0000000116c3b790 code [0x0000000116c3ba20, 0x0000000116c3c690]
Event: 30.600 Thread 0x00007fe22a0a8000 2899       3       com.sun.javafx.scene.NodeHelper::notifyLayoutBoundsChanged (9 bytes)
Event: 30.600 Thread 0x00007fe22a0a8000 nmethod 2899 0x0000000116c3ca10 code [0x0000000116c3cbe0, 0x0000000116c3cdb0]
Event: 30.600 Thread 0x00007fe22a0a8000 2897       3       com.sun.javafx.scene.control.inputmap.InputMap$KeyMapping::equals (43 bytes)
Event: 30.600 Thread 0x00007fe22a0a8000 nmethod 2897 0x0000000116c3ce90 code [0x0000000116c3d080, 0x0000000116c3d510]
Event: 30.600 Thread 0x00007fe22a0a8000 2896       3       javafx.collections.ListChangeBuilder$SingleChange::getRemoved (12 bytes)
Event: 30.601 Thread 0x00007fe22a0a8000 nmethod 2896 0x0000000116c3d690 code [0x0000000116c3d860, 0x0000000116c3db00]
Event: 30.601 Thread 0x00007fe22a0a8000 2894       3       javafx.scene.text.Text::getTextLayout (176 bytes)

GC Heap History (20 events):
Event: 27.549 GC heap before
{Heap before GC invocations=164 (full 0):
 garbage-first heap   total 131072K, used 97742K [0x0000000780000000, 0x0000000800000000)
  region size 1024K, 76 young (77824K), 1 survivors (1024K)
 Metaspace       used 24912K, capacity 25681K, committed 25856K, reserved 1071104K
  class space    used 2999K, capacity 3290K, committed 3328K, reserved 1048576K
}
Event: 27.550 GC heap after
{Heap after GC invocations=165 (full 0):
 garbage-first heap   total 131072K, used 20944K [0x0000000780000000, 0x0000000800000000)
  region size 1024K, 1 young (1024K), 1 survivors (1024K)
 Metaspace       used 24912K, capacity 25681K, committed 25856K, reserved 1071104K
  class space    used 2999K, capacity 3290K, committed 3328K, reserved 1048576K
}
Event: 27.571 GC heap before
{Heap before GC invocations=165 (full 0):
 garbage-first heap   total 131072K, used 97744K [0x0000000780000000, 0x0000000800000000)
  region size 1024K, 76 young (77824K), 1 survivors (1024K)
 Metaspace       used 24918K, capacity 25681K, committed 25856K, reserved 1071104K
  class space    used 2999K, capacity 3290K, committed 3328K, reserved 1048576K
}
Event: 27.572 GC heap after
{Heap after GC invocations=166 (full 0):
 garbage-first heap   total 131072K, used 20944K [0x0000000780000000, 0x0000000800000000)
  region size 1024K, 1 young (1024K), 1 survivors (1024K)
 Metaspace       used 24918K, capacity 25681K, committed 25856K, reserved 1071104K
  class space    used 2999K, capacity 3290K, committed 3328K, reserved 1048576K
}
Event: 27.592 GC heap before
{Heap before GC invocations=166 (full 0):
 garbage-first heap   total 131072K, used 97744K [0x0000000780000000, 0x0000000800000000)
  region size 1024K, 76 young (77824K), 1 survivors (1024K)
 Metaspace       used 24918K, capacity 25681K, committed 25856K, reserved 1071104K
  class space    used 2999K, capacity 3290K, committed 3328K, reserved 1048576K
}
Event: 27.592 GC heap after
{Heap after GC invocations=167 (full 0):
 garbage-first heap   total 131072K, used 20944K [0x0000000780000000, 0x0000000800000000)
  region size 1024K, 1 young (1024K), 1 survivors (1024K)
 Metaspace       used 24918K, capacity 25681K, committed 25856K, reserved 1071104K
  class space    used 2999K, capacity 3290K, committed 3328K, reserved 1048576K
}
Event: 27.613 GC heap before
{Heap before GC invocations=167 (full 0):
 garbage-first heap   total 131072K, used 97744K [0x0000000780000000, 0x0000000800000000)
  region size 1024K, 76 young (77824K), 1 survivors (1024K)
 Metaspace       used 24918K, capacity 25681K, committed 25856K, reserved 1071104K
  class space    used 2999K, capacity 3290K, committed 3328K, reserved 1048576K
}
Event: 27.613 GC heap after
{Heap after GC invocations=168 (full 0):
 garbage-first heap   total 131072K, used 20944K [0x0000000780000000, 0x0000000800000000)
  region size 1024K, 1 young (1024K), 1 survivors (1024K)
 Metaspace       used 24918K, capacity 25681K, committed 25856K, reserved 1071104K
  class space    used 2999K, capacity 3290K, committed 3328K, reserved 1048576K
}
Event: 27.635 GC heap before
{Heap before GC invocations=168 (full 0):
 garbage-first heap   total 131072K, used 97744K [0x0000000780000000, 0x0000000800000000)
  region size 1024K, 76 young (77824K), 1 survivors (1024K)
 Metaspace       used 24918K, capacity 25681K, committed 25856K, reserved 1071104K
  class space    used 2999K, capacity 3290K, committed 3328K, reserved 1048576K
}
Event: 27.635 GC heap after
{Heap after GC invocations=169 (full 0):
 garbage-first heap   total 131072K, used 20944K [0x0000000780000000, 0x0000000800000000)
  region size 1024K, 1 young (1024K), 1 survivors (1024K)
 Metaspace       used 24918K, capacity 25681K, committed 25856K, reserved 1071104K
  class space    used 2999K, capacity 3290K, committed 3328K, reserved 1048576K
}
Event: 27.656 GC heap before
{Heap before GC invocations=169 (full 0):
 garbage-first heap   total 131072K, used 97744K [0x0000000780000000, 0x0000000800000000)
  region size 1024K, 76 young (77824K), 1 survivors (1024K)
 Metaspace       used 24918K, capacity 25681K, committed 25856K, reserved 1071104K
  class space    used 2999K, capacity 3290K, committed 3328K, reserved 1048576K
}
Event: 27.656 GC heap after
{Heap after GC invocations=170 (full 0):
 garbage-first heap   total 131072K, used 20942K [0x0000000780000000, 0x0000000800000000)
  region size 1024K, 1 young (1024K), 1 survivors (1024K)
 Metaspace       used 24918K, capacity 25681K, committed 25856K, reserved 1071104K
  class space    used 2999K, capacity 3290K, committed 3328K, reserved 1048576K
}
Event: 27.677 GC heap before
{Heap before GC invocations=170 (full 0):
 garbage-first heap   total 131072K, used 97742K [0x0000000780000000, 0x0000000800000000)
  region size 1024K, 76 young (77824K), 1 survivors (1024K)
 Metaspace       used 24919K, capacity 25681K, committed 25856K, reserved 1071104K
  class space    used 2999K, capacity 3290K, committed 3328K, reserved 1048576K
}
Event: 27.678 GC heap after
{Heap after GC invocations=171 (full 0):
 garbage-first heap   total 131072K, used 20944K [0x0000000780000000, 0x0000000800000000)
  region size 1024K, 1 young (1024K), 1 survivors (1024K)
 Metaspace       used 24919K, capacity 25681K, committed 25856K, reserved 1071104K
  class space    used 2999K, capacity 3290K, committed 3328K, reserved 1048576K
}
Event: 27.698 GC heap before
{Heap before GC invocations=171 (full 0):
 garbage-first heap   total 131072K, used 97744K [0x0000000780000000, 0x0000000800000000)
  region size 1024K, 76 young (77824K), 1 survivors (1024K)
 Metaspace       used 24919K, capacity 25681K, committed 25856K, reserved 1071104K
  class space    used 2999K, capacity 3290K, committed 3328K, reserved 1048576K
}
Event: 27.699 GC heap after
{Heap after GC invocations=172 (full 0):
 garbage-first heap   total 131072K, used 20942K [0x0000000780000000, 0x0000000800000000)
  region size 1024K, 1 young (1024K), 1 survivors (1024K)
 Metaspace       used 24919K, capacity 25681K, committed 25856K, reserved 1071104K
  class space    used 2999K, capacity 3290K, committed 3328K, reserved 1048576K
}
Event: 27.720 GC heap before
{Heap before GC invocations=172 (full 0):
 garbage-first heap   total 131072K, used 97742K [0x0000000780000000, 0x0000000800000000)
  region size 1024K, 76 young (77824K), 1 survivors (1024K)
 Metaspace       used 24919K, capacity 25681K, committed 25856K, reserved 1071104K
  class space    used 2999K, capacity 3290K, committed 3328K, reserved 1048576K
}
Event: 27.720 GC heap after
{Heap after GC invocations=173 (full 0):
 garbage-first heap   total 131072K, used 20944K [0x0000000780000000, 0x0000000800000000)
  region size 1024K, 1 young (1024K), 1 survivors (1024K)
 Metaspace       used 24919K, capacity 25681K, committed 25856K, reserved 1071104K
  class space    used 2999K, capacity 3290K, committed 3328K, reserved 1048576K
}
Event: 27.742 GC heap before
{Heap before GC invocations=173 (full 0):
 garbage-first heap   total 131072K, used 97744K [0x0000000780000000, 0x0000000800000000)
  region size 1024K, 76 young (77824K), 1 survivors (1024K)
 Metaspace       used 24919K, capacity 25681K, committed 25856K, reserved 1071104K
  class space    used 2999K, capacity 3290K, committed 3328K, reserved 1048576K
}
Event: 27.742 GC heap after
{Heap after GC invocations=174 (full 0):
 garbage-first heap   total 131072K, used 20944K [0x0000000780000000, 0x0000000800000000)
  region size 1024K, 1 young (1024K), 1 survivors (1024K)
 Metaspace       used 24919K, capacity 25681K, committed 25856K, reserved 1071104K
  class space    used 2999K, capacity 3290K, committed 3328K, reserved 1048576K
}

Deoptimization events (20 events):
Event: 27.825 Thread 0x00007fe2298a2800 Uncommon trap: trap_request=0xffffff4d fr.pc=0x000000011dd250dc relative=0x0000000000000b1c
Event: 27.825 Thread 0x00007fe2298a2800 Uncommon trap: reason=unstable_if action=reinterpret pc=0x000000011dd250dc method=com.sun.javafx.sg.prism.NGCanvas.renderStream(Lcom/sun/javafx/sg/prism/GrowableDataBuffer;)V @ 13 c2
Event: 27.825 Thread 0x00007fe2298a2800 DEOPT PACKING pc=0x000000011dd250dc sp=0x000070000c717e90
Event: 27.825 Thread 0x00007fe2298a2800 DEOPT UNPACKING pc=0x0000000116146ba5 sp=0x000070000c717e08 mode 2
Event: 30.596 Thread 0x00007fe22b0d3800 Uncommon trap: trap_request=0xffffffde fr.pc=0x000000011dd0afc0 relative=0x0000000000000480
Event: 30.596 Thread 0x00007fe22b0d3800 Uncommon trap: reason=class_check action=maybe_recompile pc=0x000000011dd0afc0 method=java.lang.Throwable.<init>(Ljava/lang/String;)V @ 24 c2
Event: 30.596 Thread 0x00007fe22b0d3800 DEOPT PACKING pc=0x000000011dd0afc0 sp=0x00007ffeeb9d6b60
Event: 30.596 Thread 0x00007fe22b0d3800 DEOPT UNPACKING pc=0x0000000116146ba5 sp=0x00007ffeeb9d6b20 mode 2
Event: 30.596 Thread 0x00007fe22b0d3800 Uncommon trap: trap_request=0xffffffde fr.pc=0x000000011dd0afc0 relative=0x0000000000000480
Event: 30.596 Thread 0x00007fe22b0d3800 Uncommon trap: reason=class_check action=maybe_recompile pc=0x000000011dd0afc0 method=java.lang.Throwable.<init>(Ljava/lang/String;)V @ 24 c2
Event: 30.596 Thread 0x00007fe22b0d3800 DEOPT PACKING pc=0x000000011dd0afc0 sp=0x00007ffeeb9d6d70
Event: 30.596 Thread 0x00007fe22b0d3800 DEOPT UNPACKING pc=0x0000000116146ba5 sp=0x00007ffeeb9d6d30 mode 2
Event: 30.597 Thread 0x00007fe22b0d3800 Uncommon trap: trap_request=0xffffffde fr.pc=0x000000011dd0afc0 relative=0x0000000000000480
Event: 30.597 Thread 0x00007fe22b0d3800 Uncommon trap: reason=class_check action=maybe_recompile pc=0x000000011dd0afc0 method=java.lang.Throwable.<init>(Ljava/lang/String;)V @ 24 c2
Event: 30.597 Thread 0x00007fe22b0d3800 DEOPT PACKING pc=0x000000011dd0afc0 sp=0x00007ffeeb9d6b60
Event: 30.597 Thread 0x00007fe22b0d3800 DEOPT UNPACKING pc=0x0000000116146ba5 sp=0x00007ffeeb9d6b20 mode 2
Event: 30.597 Thread 0x00007fe22b0d3800 Uncommon trap: trap_request=0xffffffde fr.pc=0x000000011dd0afc0 relative=0x0000000000000480
Event: 30.597 Thread 0x00007fe22b0d3800 Uncommon trap: reason=class_check action=maybe_recompile pc=0x000000011dd0afc0 method=java.lang.Throwable.<init>(Ljava/lang/String;)V @ 24 c2
Event: 30.597 Thread 0x00007fe22b0d3800 DEOPT PACKING pc=0x000000011dd0afc0 sp=0x00007ffeeb9d6d70
Event: 30.597 Thread 0x00007fe22b0d3800 DEOPT UNPACKING pc=0x0000000116146ba5 sp=0x00007ffeeb9d6d30 mode 2

Classes redefined (0 events):
No events

Internal exceptions (20 events):
Event: 17.979 Thread 0x00007fe22b0d3800 Exception <a 'java/lang/ArrayIndexOutOfBoundsException'{0x0000000787952708}> (0x0000000787952708) thrown at [./src/hotspot/share/runtime/sharedRuntime.cpp, line 584]
Event: 17.979 Thread 0x00007fe22b0d3800 Exception <a 'java/lang/ArrayIndexOutOfBoundsException'{0x0000000787954ef8}> (0x0000000787954ef8) thrown at [./src/hotspot/share/runtime/sharedRuntime.cpp, line 584]
Event: 17.979 Thread 0x00007fe22b0d3800 Exception <a 'java/lang/ArrayIndexOutOfBoundsException'{0x00000007879576e8}> (0x00000007879576e8) thrown at [./src/hotspot/share/runtime/sharedRuntime.cpp, line 584]
Event: 17.979 Thread 0x00007fe22b0d3800 Exception <a 'java/lang/ArrayIndexOutOfBoundsException'{0x0000000787959ed8}> (0x0000000787959ed8) thrown at [./src/hotspot/share/runtime/sharedRuntime.cpp, line 584]
Event: 17.979 Thread 0x00007fe22b0d3800 Exception <a 'java/lang/ArrayIndexOutOfBoundsException'{0x000000078795c6c8}> (0x000000078795c6c8) thrown at [./src/hotspot/share/runtime/sharedRuntime.cpp, line 584]
Event: 17.979 Thread 0x00007fe22b0d3800 Exception <a 'java/lang/ArrayIndexOutOfBoundsException'{0x000000078795eeb8}> (0x000000078795eeb8) thrown at [./src/hotspot/share/runtime/sharedRuntime.cpp, line 584]
Event: 17.979 Thread 0x00007fe22b0d3800 Exception <a 'java/lang/ArrayIndexOutOfBoundsException'{0x00000007879616a8}> (0x00000007879616a8) thrown at [./src/hotspot/share/runtime/sharedRuntime.cpp, line 584]
Event: 17.979 Thread 0x00007fe22b0d3800 Exception <a 'java/lang/ArrayIndexOutOfBoundsException'{0x0000000787963e98}> (0x0000000787963e98) thrown at [./src/hotspot/share/runtime/sharedRuntime.cpp, line 584]
Event: 17.979 Thread 0x00007fe22b0d3800 Exception <a 'java/lang/ArrayIndexOutOfBoundsException'{0x0000000787966688}> (0x0000000787966688) thrown at [./src/hotspot/share/runtime/sharedRuntime.cpp, line 584]
Event: 17.979 Thread 0x00007fe22b0d3800 Exception <a 'java/lang/ArrayIndexOutOfBoundsException'{0x0000000787968e78}> (0x0000000787968e78) thrown at [./src/hotspot/share/runtime/sharedRuntime.cpp, line 584]
Event: 17.979 Thread 0x00007fe22b0d3800 Exception <a 'java/lang/ArrayIndexOutOfBoundsException'{0x000000078796b668}> (0x000000078796b668) thrown at [./src/hotspot/share/runtime/sharedRuntime.cpp, line 584]
Event: 17.979 Thread 0x00007fe22b0d3800 Exception <a 'java/lang/ArrayIndexOutOfBoundsException'{0x000000078796de58}> (0x000000078796de58) thrown at [./src/hotspot/share/runtime/sharedRuntime.cpp, line 584]
Event: 17.979 Thread 0x00007fe22b0d3800 Exception <a 'java/lang/ArrayIndexOutOfBoundsException'{0x0000000787970648}> (0x0000000787970648) thrown at [./src/hotspot/share/runtime/sharedRuntime.cpp, line 584]
Event: 17.979 Thread 0x00007fe22b0d3800 Exception <a 'java/lang/ArrayIndexOutOfBoundsException'{0x0000000787972e38}> (0x0000000787972e38) thrown at [./src/hotspot/share/runtime/sharedRuntime.cpp, line 584]
Event: 17.979 Thread 0x00007fe22b0d3800 Exception <a 'java/lang/ArrayIndexOutOfBoundsException'{0x0000000787975628}> (0x0000000787975628) thrown at [./src/hotspot/share/runtime/sharedRuntime.cpp, line 584]
Event: 17.979 Thread 0x00007fe22b0d3800 Exception <a 'java/lang/ArrayIndexOutOfBoundsException'{0x0000000787977e18}> (0x0000000787977e18) thrown at [./src/hotspot/share/runtime/sharedRuntime.cpp, line 584]
Event: 17.979 Thread 0x00007fe22b0d3800 Exception <a 'java/lang/ArrayIndexOutOfBoundsException'{0x000000078797a608}> (0x000000078797a608) thrown at [./src/hotspot/share/runtime/sharedRuntime.cpp, line 584]
Event: 17.979 Thread 0x00007fe22b0d3800 Exception <a 'java/lang/ArrayIndexOutOfBoundsException'{0x000000078797cdf8}> (0x000000078797cdf8) thrown at [./src/hotspot/share/runtime/sharedRuntime.cpp, line 584]
Event: 17.979 Thread 0x00007fe22b0d3800 Exception <a 'java/lang/ArrayIndexOutOfBoundsException'{0x000000078797f5e8}> (0x000000078797f5e8) thrown at [./src/hotspot/share/runtime/sharedRuntime.cpp, line 584]
Event: 17.979 Thread 0x00007fe22b0d3800 Exception <a 'java/lang/ArrayIndexOutOfBoundsException'{0x00000007879820a8}> (0x00000007879820a8) thrown at [./src/hotspot/share/runtime/sharedRuntime.cpp, line 584]

Events (20 events):
Event: 27.794 loading class com/sun/glass/ui/EventLoop done
Event: 27.794 loading class com/sun/glass/ui/EventLoop$State
Event: 27.794 loading class com/sun/glass/ui/EventLoop$State done
Event: 27.805 loading class com/sun/javafx/scene/traversal/Direction
Event: 27.805 loading class com/sun/javafx/scene/traversal/Direction done
Event: 27.805 loading class com/sun/javafx/scene/traversal/ContainerTabOrder$1
Event: 27.805 loading class com/sun/javafx/scene/traversal/ContainerTabOrder$1 done
Event: 27.806 loading class com/sun/prism/shader/FillPgram_LinearGradient_PAD_Loader
Event: 27.806 loading class com/sun/prism/shader/FillPgram_LinearGradient_PAD_Loader done
Event: 27.806 loading class com/sun/javafx/geometry/BoundsUtils
Event: 27.806 loading class com/sun/javafx/geometry/BoundsUtils done
Event: 27.823 Executing VM operation: RevokeBias
Event: 27.823 Executing VM operation: RevokeBias done
Event: 27.837 Loaded shared library /Users/gergoferenczi/.openjfx/cache/12.0.2/libprism_es2.dylib
Event: 28.072 Protecting memory [0x000070000bbf8000,0x000070000bbfc000] with protection modes 3
Event: 28.072 Thread 0x00007fe22a345800 Thread exited: 0x00007fe22a345800
Event: 30.321 Protecting memory [0x000070000bbf8000,0x000070000bbfc000] with protection modes 0
Event: 30.321 Thread 0x00007fe229c6f800 Thread added: 0x00007fe229c6f800
Event: 30.582 loading class com/sun/javafx/tk/quantum/WindowStage
Event: 30.582 loading class com/sun/javafx/tk/quantum/WindowStage done


Dynamic libraries:
0x00007fff350e2000 	/System/Library/Frameworks/Cocoa.framework/Versions/A/Cocoa
0x00007fff224ae000 	/System/Library/Frameworks/Security.framework/Versions/A/Security
0x00007fff33305000 	/System/Library/Frameworks/ApplicationServices.framework/Versions/A/ApplicationServices
0x00007fff2a712000 	/usr/lib/libz.1.dylib
0x000000010422f000 	/Library/Java/JavaVirtualMachines/adoptopenjdk-11.jdk/Contents/Home/lib/jli/libjli.dylib
0x00007fff2a7da000 	/usr/lib/libSystem.B.dylib
0x00007fff22edc000 	/System/Library/Frameworks/AppKit.framework/Versions/C/AppKit
0x00007fff25d92000 	/System/Library/Frameworks/CoreData.framework/Versions/A/CoreData
0x00007fff21449000 	/System/Library/Frameworks/Foundation.framework/Versions/C/Foundation
0x00007fff23c24000 	/System/Library/PrivateFrameworks/UIFoundation.framework/Versions/A/UIFoundation
0x00007fff2fde7000 	/System/Library/PrivateFrameworks/RemoteViewServices.framework/Versions/A/RemoteViewServices
0x00007fff28c1f000 	/System/Library/PrivateFrameworks/XCTTargetBootstrap.framework/Versions/A/XCTTargetBootstrap
0x00007fff2b8fa000 	/usr/lib/libspindump.dylib
0x00007fff23e73000 	/System/Library/Frameworks/UniformTypeIdentifiers.framework/Versions/A/UniformTypeIdentifiers
0x00007fff27423000 	/usr/lib/libapp_launch_measurement.dylib
0x00007fff27426000 	/System/Library/PrivateFrameworks/CoreAutoLayout.framework/Versions/A/CoreAutoLayout
0x00007fff28586000 	/System/Library/Frameworks/Metal.framework/Versions/A/Metal
0x00007fff2927b000 	/usr/lib/liblangid.dylib
0x00007fff28c23000 	/System/Library/PrivateFrameworks/CoreSVG.framework/Versions/A/CoreSVG
0x00007fff24eab000 	/System/Library/PrivateFrameworks/SkyLight.framework/Versions/A/SkyLight
0x00007fff2520f000 	/System/Library/Frameworks/CoreGraphics.framework/Versions/A/CoreGraphics
0x00007fff30309000 	/System/Library/Frameworks/Accelerate.framework/Versions/A/Accelerate
0x00007fff2b339000 	/System/Library/PrivateFrameworks/IconServices.framework/Versions/A/IconServices
0x00007fff2856a000 	/System/Library/Frameworks/IOSurface.framework/Versions/A/IOSurface
0x00007fff26713000 	/usr/lib/libDiagnosticMessagesClient.dylib
0x00007fff28c0b000 	/System/Library/PrivateFrameworks/DFRFoundation.framework/Versions/A/DFRFoundation
0x00007fff22803000 	/usr/lib/libicucore.A.dylib
0x00007fff2ce39000 	/System/Library/Frameworks/AudioToolbox.framework/Versions/A/AudioToolbox
0x00007fff2c0cb000 	/System/Library/PrivateFrameworks/DataDetectorsCore.framework/Versions/A/DataDetectorsCore
0x00007fff24e1f000 	/usr/lib/libMobileGestalt.dylib
0x00007fff2890f000 	/System/Library/Frameworks/Carbon.framework/Versions/A/Frameworks/HIToolbox.framework/Versions/A/HIToolbox
0x00007fff26e6d000 	/System/Library/Frameworks/QuartzCore.framework/Versions/A/QuartzCore
0x00007fff2fe1f000 	/System/Library/Frameworks/Carbon.framework/Versions/A/Frameworks/SpeechRecognition.framework/Versions/A/SpeechRecognition
0x00007fff2718c000 	/System/Library/PrivateFrameworks/CoreUI.framework/Versions/A/CoreUI
0x00007fff21e1d000 	/System/Library/Frameworks/CoreAudio.framework/Versions/A/CoreAudio
0x00007fff267fe000 	/System/Library/Frameworks/DiskArbitration.framework/Versions/A/DiskArbitration
0x00007fff2bcc8000 	/System/Library/PrivateFrameworks/MultitouchSupport.framework/Versions/A/MultitouchSupport
0x00007fff2c0c2000 	/System/Library/PrivateFrameworks/InternationalSupport.framework/Versions/A/InternationalSupport
0x00007fff24e1e000 	/usr/lib/libenergytrace.dylib
0x00007fff22dd3000 	/System/Library/Frameworks/IOKit.framework/Versions/A/IOKit
0x00007fff30152000 	/System/Library/Frameworks/CoreServices.framework/Versions/A/CoreServices
0x00007fff273b9000 	/System/Library/PrivateFrameworks/PerformanceAnalysis.framework/Versions/A/PerformanceAnalysis
0x00007fff6bb8e000 	/System/Library/Frameworks/OpenGL.framework/Versions/A/OpenGL
0x00007fff2c146000 	/System/Library/PrivateFrameworks/UserActivity.framework/Versions/A/UserActivity
0x00007fff204bf000 	/usr/lib/libobjc.A.dylib
0x00007fff25899000 	/System/Library/Frameworks/ColorSync.framework/Versions/A/ColorSync
0x00007fff2069f000 	/System/Library/Frameworks/CoreFoundation.framework/Versions/A/CoreFoundation
0x00007fff28e89000 	/System/Library/Frameworks/CoreImage.framework/Versions/A/CoreImage
0x00007fff21c38000 	/System/Library/Frameworks/CoreText.framework/Versions/A/CoreText
0x00007fff28c4d000 	/System/Library/Frameworks/ImageIO.framework/Versions/A/ImageIO
0x00007fff2a7e0000 	/System/Library/PrivateFrameworks/SoftLinking.framework/Versions/A/SoftLinking
0x00007fff2746e000 	/usr/lib/libxml2.2.dylib
0x00007fff20585000 	/usr/lib/libc++.1.dylib
0x00007fff2aa51000 	/usr/lib/libcompression.dylib
0x00007fff2bff4000 	/System/Library/PrivateFrameworks/TextureIO.framework/Versions/A/TextureIO
0x00007fff2b078000 	/usr/lib/libate.dylib
0x00007fff2a7d4000 	/usr/lib/system/libcache.dylib
0x00007fff2a790000 	/usr/lib/system/libcommonCrypto.dylib
0x00007fff2a7ba000 	/usr/lib/system/libcompiler_rt.dylib
0x00007fff2a7af000 	/usr/lib/system/libcopyfile.dylib
0x00007fff203af000 	/usr/lib/system/libcorecrypto.dylib
0x00007fff2047a000 	/usr/lib/system/libdispatch.dylib
0x00007fff2062d000 	/usr/lib/system/libdyld.dylib
0x00007fff2a7cb000 	/usr/lib/system/libkeymgr.dylib
0x00007fff2dbd0000 	/usr/lib/system/liblaunch.dylib
0x00007fff2a76e000 	/usr/lib/system/libmacho.dylib
0x00007fff29f66000 	/usr/lib/system/libquarantine.dylib
0x00007fff2a7c8000 	/usr/lib/system/libremovefile.dylib
0x00007fff24e7c000 	/usr/lib/system/libsystem_asl.dylib
0x00007fff2035f000 	/usr/lib/system/libsystem_blocks.dylib
0x00007fff204fc000 	/usr/lib/system/libsystem_c.dylib
0x00007fff2a7c2000 	/usr/lib/system/libsystem_collections.dylib
0x00007fff2926c000 	/usr/lib/system/libsystem_configuration.dylib
0x00007fff28559000 	/usr/lib/system/libsystem_containermanager.dylib
0x00007fff2a511000 	/usr/lib/system/libsystem_coreservices.dylib
0x00007fff22a63000 	/usr/lib/system/libsystem_darwin.dylib
0x00007fff2a7cc000 	/usr/lib/system/libsystem_dnssd.dylib
0x00007fff204f9000 	/usr/lib/system/libsystem_featureflags.dylib
0x00007fff20673000 	/usr/lib/system/libsystem_info.dylib
0x00007fff2a725000 	/usr/lib/system/libsystem_m.dylib
0x00007fff2044d000 	/usr/lib/system/libsystem_malloc.dylib
0x00007fff24e0f000 	/usr/lib/system/libsystem_networkextension.dylib
0x00007fff22e82000 	/usr/lib/system/libsystem_notify.dylib
0x00007fff30054000 	/usr/lib/system/libsystem_product_info_filter.dylib
0x00007fff29270000 	/usr/lib/system/libsystem_sandbox.dylib
0x00007fff2a7c5000 	/usr/lib/system/libsystem_secinit.dylib
0x00007fff205f1000 	/usr/lib/system/libsystem_kernel.dylib
0x00007fff20669000 	/usr/lib/system/libsystem_platform.dylib
0x00007fff20621000 	/usr/lib/system/libsystem_pthread.dylib
0x00007fff26556000 	/usr/lib/system/libsystem_symptoms.dylib
0x00007fff20397000 	/usr/lib/system/libsystem_trace.dylib
0x00007fff2a79c000 	/usr/lib/system/libunwind.dylib
0x00007fff20361000 	/usr/lib/system/libxpc.dylib
0x00007fff205db000 	/usr/lib/libc++abi.dylib
0x00007fff2a7a7000 	/usr/lib/liboah.dylib
0x00007fff2ae5e000 	/usr/lib/liblzma.5.dylib
0x00007fff2115d000 	/System/Library/Frameworks/SystemConfiguration.framework/Versions/A/SystemConfiguration
0x00007fff2a7dc000 	/usr/lib/libfakelink.dylib
0x00007fff24970000 	/System/Library/Frameworks/CFNetwork.framework/Versions/A/CFNetwork
0x00007fff2a91c000 	/usr/lib/libarchive.2.dylib
0x00007fff211db000 	/usr/lib/libCRFSuite.dylib
0x00007fff29f8d000 	/usr/lib/libbsm.0.dylib
0x00007fff242f0000 	/usr/lib/libnetwork.dylib
0x00007fff2a7e1000 	/usr/lib/libpcap.A.dylib
0x00007fff2654f000 	/usr/lib/libdns_services.dylib
0x00007fff2ae77000 	/usr/lib/libcoretls_cfhelpers.dylib
0x00007fff2aa1b000 	/usr/lib/libapple_nghttp2.dylib
0x00007fff2a774000 	/usr/lib/system/libkxld.dylib
0x00007fff261c8000 	/usr/lib/libsqlite3.dylib
0x00007fff2a4f4000 	/System/Library/PrivateFrameworks/AppleFSCompression.framework/Versions/A/AppleFSCompression
0x00007fff29f75000 	/usr/lib/libcoretls.dylib
0x00007fff2aa4c000 	/usr/lib/libpam.2.dylib
0x00007fff2af74000 	/usr/lib/libxar.1.dylib
0x00007fff29277000 	/System/Library/PrivateFrameworks/AppleSystemInfo.framework/Versions/A/AppleSystemInfo
0x00007fff29bb7000 	/System/Library/PrivateFrameworks/IOMobileFramebuffer.framework/Versions/A/IOMobileFramebuffer
0x00007fff2a504000 	/usr/lib/libbz2.1.0.dylib
0x00007fff2a819000 	/usr/lib/libiconv.2.dylib
0x00007fff2a76d000 	/usr/lib/libcharset.1.dylib
0x00007fff273f5000 	/System/Library/Frameworks/CoreServices.framework/Versions/A/Frameworks/FSEvents.framework/Versions/A/FSEvents
0x00007fff22a6d000 	/System/Library/Frameworks/CoreServices.framework/Versions/A/Frameworks/CarbonCore.framework/Versions/A/CarbonCore
0x00007fff26763000 	/System/Library/Frameworks/CoreServices.framework/Versions/A/Frameworks/Metadata.framework/Versions/A/Metadata
0x00007fff2a516000 	/System/Library/Frameworks/CoreServices.framework/Versions/A/Frameworks/OSServices.framework/Versions/A/OSServices
0x00007fff2a98e000 	/System/Library/Frameworks/CoreServices.framework/Versions/A/Frameworks/SearchKit.framework/Versions/A/SearchKit
0x00007fff264da000 	/System/Library/Frameworks/CoreServices.framework/Versions/A/Frameworks/AE.framework/Versions/A/AE
0x00007fff20b3d000 	/System/Library/Frameworks/CoreServices.framework/Versions/A/Frameworks/LaunchServices.framework/Versions/A/LaunchServices
0x00007fff2ae0e000 	/System/Library/Frameworks/CoreServices.framework/Versions/A/Frameworks/DictionaryServices.framework/Versions/A/DictionaryServices
0x00007fff273fe000 	/System/Library/Frameworks/CoreServices.framework/Versions/A/Frameworks/SharedFileList.framework/Versions/A/SharedFileList
0x00007fff29f69000 	/usr/lib/libCheckFix.dylib
0x00007fff24e93000 	/System/Library/PrivateFrameworks/TCC.framework/Versions/A/TCC
0x00007fff2927d000 	/System/Library/PrivateFrameworks/CoreNLP.framework/Versions/A/CoreNLP
0x00007fff26716000 	/System/Library/PrivateFrameworks/MetadataUtilities.framework/Versions/A/MetadataUtilities
0x00007fff21210000 	/usr/lib/libmecabra.dylib
0x00007fff2a273000 	/System/Library/Frameworks/MLCompute.framework/Versions/A/MLCompute
0x00007fff29f9e000 	/usr/lib/libmecab.dylib
0x00007fff29fe8000 	/usr/lib/libgermantok.dylib
0x00007fff2a9f6000 	/usr/lib/libThaiTokenizer.dylib
0x00007fff2afaf000 	/usr/lib/libChineseTokenizer.dylib
0x00007fff2aa4a000 	/System/Library/Frameworks/MetalPerformanceShaders.framework/Versions/A/MetalPerformanceShaders
0x00007fff26805000 	/System/Library/Frameworks/Accelerate.framework/Versions/A/Frameworks/vImage.framework/Versions/A/vImage
0x00007fff3012c000 	/System/Library/Frameworks/Accelerate.framework/Versions/A/Frameworks/vecLib.framework/Versions/A/vecLib
0x00007fff2afba000 	/System/Library/Frameworks/Accelerate.framework/Versions/A/Frameworks/vecLib.framework/Versions/A/libvMisc.dylib
0x00007fff299d2000 	/System/Library/Frameworks/Accelerate.framework/Versions/A/Frameworks/vecLib.framework/Versions/A/libvDSP.dylib
0x00007fff20e44000 	/System/Library/Frameworks/Accelerate.framework/Versions/A/Frameworks/vecLib.framework/Versions/A/libBLAS.dylib
0x00007fff2aa70000 	/System/Library/Frameworks/Accelerate.framework/Versions/A/Frameworks/vecLib.framework/Versions/A/libLAPACK.dylib
0x00007fff29fee000 	/System/Library/Frameworks/Accelerate.framework/Versions/A/Frameworks/vecLib.framework/Versions/A/libLinearAlgebra.dylib
0x00007fff2aa33000 	/System/Library/Frameworks/Accelerate.framework/Versions/A/Frameworks/vecLib.framework/Versions/A/libSparseBLAS.dylib
0x00007fff2aa6a000 	/System/Library/Frameworks/Accelerate.framework/Versions/A/Frameworks/vecLib.framework/Versions/A/libQuadrature.dylib
0x00007fff29329000 	/System/Library/Frameworks/Accelerate.framework/Versions/A/Frameworks/vecLib.framework/Versions/A/libBNNS.dylib
0x00007fff210ee000 	/System/Library/Frameworks/Accelerate.framework/Versions/A/Frameworks/vecLib.framework/Versions/A/libSparse.dylib
0x00007fff29205000 	/System/Library/Frameworks/MetalPerformanceShaders.framework/Versions/A/Frameworks/MPSCore.framework/Versions/A/MPSCore
0x00007fff2a463000 	/System/Library/Frameworks/MetalPerformanceShaders.framework/Versions/A/Frameworks/MPSImage.framework/Versions/A/MPSImage
0x00007fff2a004000 	/System/Library/Frameworks/MetalPerformanceShaders.framework/Versions/A/Frameworks/MPSNeuralNetwork.framework/Versions/A/MPSNeuralNetwork
0x00007fff2a3d5000 	/System/Library/Frameworks/MetalPerformanceShaders.framework/Versions/A/Frameworks/MPSMatrix.framework/Versions/A/MPSMatrix
0x00007fff2a223000 	/System/Library/Frameworks/MetalPerformanceShaders.framework/Versions/A/Frameworks/MPSRayIntersector.framework/Versions/A/MPSRayIntersector
0x00007fff2a40c000 	/System/Library/Frameworks/MetalPerformanceShaders.framework/Versions/A/Frameworks/MPSNDArray.framework/Versions/A/MPSNDArray
0x00007fff20d70000 	/System/Library/PrivateFrameworks/MetalTools.framework/Versions/A/MetalTools
0x00007fff29275000 	/System/Library/PrivateFrameworks/AggregateDictionary.framework/Versions/A/AggregateDictionary
0x00007fff266e3000 	/System/Library/PrivateFrameworks/CoreAnalytics.framework/Versions/A/CoreAnalytics
0x00007fff2a9f8000 	/System/Library/PrivateFrameworks/AppleSauce.framework/Versions/A/AppleSauce
0x00007fff2857c000 	/System/Library/PrivateFrameworks/IOAccelerator.framework/Versions/A/IOAccelerator
0x00007fff6bb82000 	/System/Library/Frameworks/OpenGL.framework/Versions/A/Libraries/libCoreFSCache.dylib
0x00007fff217a7000 	/System/Library/PrivateFrameworks/LanguageModeling.framework/Versions/A/LanguageModeling
0x00007fff29ba5000 	/System/Library/PrivateFrameworks/CoreEmoji.framework/Versions/A/CoreEmoji
0x00007fff29322000 	/System/Library/PrivateFrameworks/LinguisticData.framework/Versions/A/LinguisticData
0x00007fff210a1000 	/System/Library/PrivateFrameworks/Lexicon.framework/Versions/A/Lexicon
0x00007fff2a90a000 	/usr/lib/libcmph.dylib
0x00007fff273d5000 	/System/Library/Frameworks/OpenDirectory.framework/Versions/A/Frameworks/CFOpenDirectory.framework/Versions/A/CFOpenDirectory
0x00007fff273c5000 	/System/Library/Frameworks/OpenDirectory.framework/Versions/A/OpenDirectory
0x00007fff2ae79000 	/System/Library/PrivateFrameworks/APFS.framework/Versions/A/APFS
0x00007fff29ecb000 	/System/Library/Frameworks/SecurityFoundation.framework/Versions/A/SecurityFoundation
0x00007fff2af82000 	/usr/lib/libutil.dylib
0x00007fff22d98000 	/System/Library/PrivateFrameworks/CoreServicesStore.framework/Versions/A/CoreServicesStore
0x00007fff29f61000 	/System/Library/Frameworks/ServiceManagement.framework/Versions/A/ServiceManagement
0x00007fff2af86000 	/usr/lib/libxslt.1.dylib
0x00007fff29f57000 	/System/Library/PrivateFrameworks/BackgroundTaskManagement.framework/Versions/A/BackgroundTaskManagement
0x00007fff2bf3e000 	/System/Library/Frameworks/ImageIO.framework/Versions/A/Resources/libRadiance.dylib
0x00007fff2bf48000 	/System/Library/Frameworks/ImageIO.framework/Versions/A/Resources/libJPEG.dylib
0x00007fff2be92000 	/System/Library/Frameworks/ImageIO.framework/Versions/A/Resources/libPng.dylib
0x00007fff2beb9000 	/System/Library/Frameworks/ImageIO.framework/Versions/A/Resources/libTIFF.dylib
0x00007fff2bf9d000 	/System/Library/Frameworks/ImageIO.framework/Versions/A/Resources/libGIF.dylib
0x00007fff2bbe4000 	/System/Library/Frameworks/ImageIO.framework/Versions/A/Resources/libJP2.dylib
0x00007fff2b301000 	/usr/lib/libexpat.1.dylib
0x00007fff2bb9a000 	/System/Library/PrivateFrameworks/AppleJPEG.framework/Versions/A/AppleJPEG
0x00007fff287b2000 	/System/Library/PrivateFrameworks/FontServices.framework/libFontParser.dylib
0x00007fff26491000 	/System/Library/PrivateFrameworks/RunningBoardServices.framework/Versions/A/RunningBoardServices
0x00007fff2bcc4000 	/System/Library/PrivateFrameworks/WatchdogClient.framework/Versions/A/WatchdogClient
0x00007fff21890000 	/System/Library/Frameworks/CoreDisplay.framework/Versions/A/CoreDisplay
0x00007fff286c7000 	/System/Library/Frameworks/CoreMedia.framework/Versions/A/CoreMedia
0x00007fff27551000 	/System/Library/Frameworks/CoreVideo.framework/Versions/A/CoreVideo
0x00007fff2bcff000 	/System/Library/Frameworks/VideoToolbox.framework/Versions/A/VideoToolbox
0x00007fff26411000 	/System/Library/PrivateFrameworks/BaseBoard.framework/Versions/A/BaseBoard
0x00007fff2b444000 	/System/Library/PrivateFrameworks/PersistentConnection.framework/Versions/A/PersistentConnection
0x00007fff261b2000 	/System/Library/PrivateFrameworks/ProtocolBuffer.framework/Versions/A/ProtocolBuffer
0x00007fff263f9000 	/System/Library/PrivateFrameworks/CommonUtilities.framework/Versions/A/CommonUtilities
0x00007fff2bb5d000 	/System/Library/PrivateFrameworks/Bom.framework/Versions/A/Bom
0x00007fff2bf36000 	/System/Library/PrivateFrameworks/GPUWrangler.framework/Versions/A/GPUWrangler
0x00007fff2bf19000 	/System/Library/PrivateFrameworks/IOPresentment.framework/Versions/A/IOPresentment
0x00007fff2bf42000 	/System/Library/PrivateFrameworks/DSExternalDisplay.framework/Versions/A/DSExternalDisplay
0x00007fff2bfa2000 	/System/Library/PrivateFrameworks/CMCaptureCore.framework/Versions/A/CMCaptureCore
0x00007fff2b8e0000 	/System/Library/PrivateFrameworks/AppServerSupport.framework/Versions/A/AppServerSupport
0x00007fff2d973000 	/System/Library/PrivateFrameworks/perfdata.framework/Versions/A/perfdata
0x00007fff29eba000 	/System/Library/PrivateFrameworks/AssertionServices.framework/Versions/A/AssertionServices
0x00007fff219c7000 	/System/Library/PrivateFrameworks/AudioToolboxCore.framework/Versions/A/AudioToolboxCore
0x00007fff286aa000 	/System/Library/PrivateFrameworks/caulk.framework/Versions/A/caulk
0x00007fff3cd68000 	/System/Library/PrivateFrameworks/SystemPolicy.framework/Versions/A/SystemPolicy
0x00007fff2b110000 	/usr/lib/libIOReport.dylib
0x00007fff2d1af000 	/usr/lib/libSMC.dylib
0x00007fff2be5e000 	/usr/lib/libAudioToolboxUtility.dylib
0x00007fff3d6c3000 	/usr/lib/libmis.dylib
0x00007fff6bbde000 	/System/Library/Frameworks/OpenGL.framework/Versions/A/Libraries/libGLU.dylib
0x00007fff6bba1000 	/System/Library/Frameworks/OpenGL.framework/Versions/A/Libraries/libGFXShared.dylib
0x00007fff6bdaf000 	/System/Library/Frameworks/OpenGL.framework/Versions/A/Libraries/libGL.dylib
0x00007fff6bbaa000 	/System/Library/Frameworks/OpenGL.framework/Versions/A/Libraries/libGLImage.dylib
0x00007fff6bb9e000 	/System/Library/Frameworks/OpenGL.framework/Versions/A/Libraries/libCVMSPluginSupport.dylib
0x00007fff6bb89000 	/System/Library/Frameworks/OpenGL.framework/Versions/A/Libraries/libCoreVMClient.dylib
0x00007fff6d1f9000 	/System/Library/Frameworks/OpenCL.framework/Versions/A/OpenCL
0x00007fff2b46d000 	/System/Library/PrivateFrameworks/GraphVisualizer.framework/Versions/A/GraphVisualizer
0x00007fff2b47c000 	/System/Library/PrivateFrameworks/FaceCore.framework/Versions/A/FaceCore
0x00007fff2b898000 	/System/Library/PrivateFrameworks/OTSVG.framework/Versions/A/OTSVG
0x00007fff2714a000 	/System/Library/Frameworks/ApplicationServices.framework/Versions/A/Frameworks/ATS.framework/Versions/A/Resources/libFontRegistry.dylib
0x00007fff2b8e7000 	/System/Library/PrivateFrameworks/FontServices.framework/libhvf.dylib
0x00007fff2b2ad000 	/System/Library/PrivateFrameworks/AppleVA.framework/Versions/A/AppleVA
0x00007fff2cff7000 	/System/Library/Frameworks/ApplicationServices.framework/Versions/A/Frameworks/ATS.framework/Versions/A/ATS
0x00007fff2d30a000 	/System/Library/Frameworks/ApplicationServices.framework/Versions/A/Frameworks/ColorSyncLegacy.framework/Versions/A/ColorSyncLegacy
0x00007fff25990000 	/System/Library/Frameworks/ApplicationServices.framework/Versions/A/Frameworks/HIServices.framework/Versions/A/HIServices
0x00007fff2d2ef000 	/System/Library/Frameworks/ApplicationServices.framework/Versions/A/Frameworks/LangAnalysis.framework/Versions/A/LangAnalysis
0x00007fff2bfac000 	/System/Library/Frameworks/ApplicationServices.framework/Versions/A/Frameworks/PrintCore.framework/Versions/A/PrintCore
0x00007fff2d312000 	/System/Library/Frameworks/ApplicationServices.framework/Versions/A/Frameworks/QD.framework/Versions/A/QD
0x00007fff2cfe7000 	/System/Library/Frameworks/ApplicationServices.framework/Versions/A/Frameworks/SpeechSynthesis.framework/Versions/A/SpeechSynthesis
0x00007fff2bf6d000 	/System/Library/Frameworks/ApplicationServices.framework/Versions/A/Frameworks/ATSUI.framework/Versions/A/ATSUI
0x00007fff2d28f000 	/usr/lib/libcups.2.dylib
0x00007fff2d2ff000 	/System/Library/PrivateFrameworks/NetAuth.framework/Versions/A/NetAuth
0x00007fff2d98e000 	/System/Library/Frameworks/Kerberos.framework/Versions/A/Kerberos
0x00007fff2d99e000 	/System/Library/Frameworks/GSS.framework/Versions/A/GSS
0x00007fff2d064000 	/usr/lib/libresolv.9.dylib
0x00007fff2b8fd000 	/System/Library/PrivateFrameworks/Heimdal.framework/Versions/A/Heimdal
0x00007fff3361a000 	/System/Library/Frameworks/Kerberos.framework/Versions/A/Libraries/libHeimdalProxy.dylib
0x00007fff2655e000 	/System/Library/Frameworks/Network.framework/Versions/A/Network
0x00007fff2b31a000 	/usr/lib/libheimdal-asn1.dylib
0x00007fff2d9ef000 	/System/Library/PrivateFrameworks/CommonAuth.framework/Versions/A/CommonAuth
0x00007fff2759f000 	/System/Library/PrivateFrameworks/login.framework/Versions/A/Frameworks/loginsupport.framework/Versions/A/loginsupport
0x00007fff2cf6e000 	/System/Library/PrivateFrameworks/AudioSession.framework/Versions/A/AudioSession
0x00007fff2cfd4000 	/usr/lib/libAudioStatistics.dylib
0x00007fff2b3a6000 	/System/Library/PrivateFrameworks/MediaExperience.framework/Versions/A/MediaExperience
0x00007fff2ce07000 	/System/Library/PrivateFrameworks/AudioSession.framework/libSessionUtility.dylib
0x00007fff2d97f000 	/usr/lib/libperfcheck.dylib
0x00007fff2d31e000 	/System/Library/PrivateFrameworks/AudioResourceArbitration.framework/Versions/A/AudioResourceArbitration
0x00007fff2b324000 	/System/Library/PrivateFrameworks/IconFoundation.framework/Versions/A/IconFoundation
0x00007fff2fe0f000 	/System/Library/PrivateFrameworks/SpeechRecognitionCore.framework/Versions/A/SpeechRecognitionCore
0x0000000108800000 	/Library/Java/JavaVirtualMachines/adoptopenjdk-11.jdk/Contents/Home/lib/server/libjvm.dylib
0x000000010425b000 	/Library/Java/JavaVirtualMachines/adoptopenjdk-11.jdk/Contents/Home/lib/libverify.dylib
0x000000010426c000 	/Library/Java/JavaVirtualMachines/adoptopenjdk-11.jdk/Contents/Home/lib/libjava.dylib
0x0000000104299000 	/Library/Java/JavaVirtualMachines/adoptopenjdk-11.jdk/Contents/Home/lib/libjimage.dylib
0x00000001042a7000 	/Library/Java/JavaVirtualMachines/adoptopenjdk-11.jdk/Contents/Home/lib/libinstrument.dylib
0x00000001042ff000 	/Library/Java/JavaVirtualMachines/adoptopenjdk-11.jdk/Contents/Home/lib/libzip.dylib
0x0000000104583000 	/Library/Java/JavaVirtualMachines/adoptopenjdk-11.jdk/Contents/Home/lib/libnio.dylib
0x0000000104596000 	/Library/Java/JavaVirtualMachines/adoptopenjdk-11.jdk/Contents/Home/lib/libnet.dylib
0x00000001045af000 	/Library/Java/JavaVirtualMachines/adoptopenjdk-11.jdk/Contents/Home/lib/libextnet.dylib
0x00000001047b7000 	/Users/gergoferenczi/.openjfx/cache/12.0.2/libprism_es2.dylib
0x00007fff22d59000 	/System/Library/PrivateFrameworks/CoreServicesInternal.framework/Versions/A/CoreServicesInternal
0x00007fff6bdba000 	/System/Library/Frameworks/OpenGL.framework/Versions/A/Resources/GLEngine.bundle/GLEngine
0x00007fff6bc1b000 	/System/Library/Frameworks/OpenGL.framework/Versions/A/Libraries/libGLProgrammability.dylib
0x00007fff5efa0000 	/System/Library/Extensions/AppleIntelKBLGraphicsGLDriver.bundle/Contents/MacOS/AppleIntelKBLGraphicsGLDriver
0x00007fff4647a000 	/System/Library/PrivateFrameworks/GPUSupport.framework/Versions/A/Libraries/libGPUSupportMercury.dylib
0x00007fff6bf38000 	/System/Library/Frameworks/OpenGL.framework/Versions/A/Resources/GLRendererFloat.bundle/GLRendererFloat
0x000000010ce3b000 	/Users/gergoferenczi/.openjfx/cache/12.0.2/libglass.dylib
0x00007fff31190000 	/System/Library/Frameworks/FileProvider.framework/Versions/A/FileProvider
0x00007fff2637c000 	/System/Library/Frameworks/Accounts.framework/Versions/A/Accounts
0x00007fff312df000 	/System/Library/PrivateFrameworks/GenerationalStorage.framework/Versions/A/GenerationalStorage
0x00007fff31c73000 	/System/Library/PrivateFrameworks/CoreSymbolication.framework/Versions/A/CoreSymbolication
0x00007fff30bb0000 	/System/Library/PrivateFrameworks/SymptomDiagnosticReporter.framework/Versions/A/SymptomDiagnosticReporter
0x00007fff23e86000 	/System/Library/PrivateFrameworks/DesktopServicesPriv.framework/Versions/A/DesktopServicesPriv
0x00007fff22e8e000 	/usr/lib/libsandbox.1.dylib
0x00007fff275ca000 	/System/Library/PrivateFrameworks/UserManagement.framework/Versions/A/UserManagement
0x00007fff29e97000 	/System/Library/PrivateFrameworks/MobileKeyBag.framework/Versions/A/MobileKeyBag
0x00007fff34694000 	/System/Library/PrivateFrameworks/ChunkingLibrary.framework/Versions/A/ChunkingLibrary
0x00007fff31c37000 	/System/Library/PrivateFrameworks/DebugSymbols.framework/Versions/A/DebugSymbols
0x00007fff2e3b1000 	/System/Library/PrivateFrameworks/Sharing.framework/Versions/A/Sharing
0x00007fff32c1d000 	/System/Library/PrivateFrameworks/Apple80211.framework/Versions/A/Apple80211
0x00007fff2a544000 	/System/Library/PrivateFrameworks/AuthKit.framework/Versions/A/AuthKit
0x00007fff29c95000 	/System/Library/PrivateFrameworks/CoreUtils.framework/Versions/A/CoreUtils
0x00007fff29bc2000 	/System/Library/Frameworks/CoreWLAN.framework/Versions/A/CoreWLAN
0x00007fff2e4fd000 	/System/Library/Frameworks/IOBluetooth.framework/Versions/A/IOBluetooth
0x00007fff32c81000 	/System/Library/PrivateFrameworks/CoreWiFi.framework/Versions/A/CoreWiFi
0x00007fff2da75000 	/System/Library/PrivateFrameworks/CorePhoneNumbers.framework/Versions/A/CorePhoneNumbers
0x00007fff30cb7000 	/System/Library/PrivateFrameworks/DiskManagement.framework/Versions/A/DiskManagement
0x00007fff30bcd000 	/System/Library/PrivateFrameworks/AppleIDAuthSupport.framework/Versions/A/AppleIDAuthSupport
0x00007fff2da55000 	/System/Library/PrivateFrameworks/KeychainCircle.framework/Versions/A/KeychainCircle
0x00007fff30c83000 	/System/Library/PrivateFrameworks/MediaKit.framework/Versions/A/MediaKit
0x00007fff30bda000 	/System/Library/Frameworks/DiscRecording.framework/Versions/A/DiscRecording
0x00007fff2b221000 	/usr/lib/libCoreStorage.dylib
0x00007fff330bc000 	/usr/lib/libcsfde.dylib
0x00007fff2e638000 	/System/Library/PrivateFrameworks/ProtectedCloudStorage.framework/Versions/A/ProtectedCloudStorage
0x00007fff330b4000 	/System/Library/PrivateFrameworks/EFILogin.framework/Versions/A/EFILogin
0x00007fff336cd000 	/System/Library/Frameworks/AudioUnit.framework/Versions/A/AudioUnit
0x00007fff30b4b000 	/System/Library/Frameworks/CoreBluetooth.framework/Versions/A/CoreBluetooth
0x00007fff2b219000 	/usr/lib/libMatch.1.dylib
0x000000010d6ea000 	/usr/lib/libobjc-trampolines.dylib
0x00007fff4136d000 	/System/Library/Frameworks/Accelerate.framework/Versions/A/Frameworks/vImage.framework/Versions/A/Libraries/libCGInterfaces.dylib
0x00007fff272cd000 	/System/Library/PrivateFrameworks/ViewBridge.framework/Versions/A/ViewBridge
0x000000012d3e7000 	/Users/gergoferenczi/.openjfx/cache/12.0.2/libjavafx_font.dylib
0x000000012d7f1000 	/Library/Java/JavaVirtualMachines/adoptopenjdk-11.jdk/Contents/Home/lib/libsunec.dylib
0x00007fff779a3000 	/usr/lib/libRosetta.dylib
0x00007fff2b9be000 	/System/Library/PrivateFrameworks/login.framework/Versions/A/login
0x00007fff30387000 	/System/Library/PrivateFrameworks/SystemAdministration.framework/Versions/A/SystemAdministration
0x00007fff2c1a4000 	/System/Library/Frameworks/MediaToolbox.framework/Versions/A/MediaToolbox
0x00007fff2fddb000 	/System/Library/Frameworks/DirectoryService.framework/Versions/A/DirectoryService
0x00007fff32f5c000 	/System/Library/PrivateFrameworks/DiskImages.framework/Versions/A/DiskImages
0x00007fff3312f000 	/System/Library/PrivateFrameworks/LoginUIKit.framework/Versions/A/Frameworks/LoginUICore.framework/Versions/A/LoginUICore
0x00007fff2bb59000 	/usr/lib/libodfde.dylib
0x00007fff31162000 	/System/Library/PrivateFrameworks/CoreAVCHD.framework/Versions/A/CoreAVCHD
0x00007fff3034a000 	/System/Library/Frameworks/MediaAccessibility.framework/Versions/A/MediaAccessibility
0x00007fff3115e000 	/System/Library/PrivateFrameworks/Mangrove.framework/Versions/A/Mangrove
0x00007fff30356000 	/System/Library/PrivateFrameworks/AlgosScoreFramework.framework/Versions/A/AlgosScoreFramework
0x00007fff31b45000 	/System/Library/PrivateFrameworks/AppleVPA.framework/Versions/A/AppleVPA
0x00007fff30da3000 	/System/Library/PrivateFrameworks/CoreAUC.framework/Versions/A/CoreAUC
0x00007fff330c8000 	/usr/lib/libcurl.4.dylib
0x00007fff32e28000 	/usr/lib/libcrypto.44.dylib
0x00007fff32f2e000 	/usr/lib/libssl.46.dylib
0x00007fff32dee000 	/System/Library/Frameworks/LDAP.framework/Versions/A/LDAP
0x00007fff32e26000 	/System/Library/PrivateFrameworks/TrustEvaluationAgent.framework/Versions/A/TrustEvaluationAgent
0x00007fff2d07d000 	/usr/lib/libsasl2.2.dylib
0x00007fff3037b000 	/System/Library/PrivateFrameworks/CoreDaemon.framework/Versions/B/CoreDaemon
0x00007fff30376000 	/System/Library/PrivateFrameworks/AppleSRP.framework/Versions/A/AppleSRP


VM Arguments:
jvm_args: -javaagent:/Applications/IntelliJ IDEA.app/Contents/lib/idea_rt.jar=56704:/Applications/IntelliJ IDEA.app/Contents/bin -Dfile.encoding=UTF-8 
java_command: com.codecool.dungeoncrawl.App
java_class_path (initial): /Users/gergoferenczi/Documents/Codecool/projects/OOP/dungeon-crawl-2-java-GergoDev/target/classes:/Users/gergoferenczi/.m2/repository/org/openjfx/javafx-controls/12.0.2/javafx-controls-12.0.2.jar:/Users/gergoferenczi/.m2/repository/org/openjfx/javafx-controls/12.0.2/javafx-controls-12.0.2-mac.jar:/Users/gergoferenczi/.m2/repository/org/openjfx/javafx-graphics/12.0.2/javafx-graphics-12.0.2.jar:/Users/gergoferenczi/.m2/repository/org/openjfx/javafx-graphics/12.0.2/javafx-graphics-12.0.2-mac.jar:/Users/gergoferenczi/.m2/repository/org/openjfx/javafx-base/12.0.2/javafx-base-12.0.2.jar:/Users/gergoferenczi/.m2/repository/org/openjfx/javafx-base/12.0.2/javafx-base-12.0.2-mac.jar:/Users/gergoferenczi/.m2/repository/org/postgresql/postgresql/42.2.5/postgresql-42.2.5.jar
Launcher Type: SUN_STANDARD

[Global flags]
     intx CICompilerCount                          = 4                                         {product} {ergonomic}
     uint ConcGCThreads                            = 2                                         {product} {ergonomic}
     uint G1ConcRefinementThreads                  = 8                                         {product} {ergonomic}
   size_t G1HeapRegionSize                         = 1048576                                   {product} {ergonomic}
    uintx GCDrainStackTargetSize                   = 64                                        {product} {ergonomic}
   size_t InitialHeapSize                          = 134217728                                 {product} {ergonomic}
   size_t MarkStackSize                            = 4194304                                   {product} {ergonomic}
   size_t MaxHeapSize                              = 2147483648                                {product} {ergonomic}
   size_t MaxNewSize                               = 1287651328                                {product} {ergonomic}
   size_t MinHeapDeltaBytes                        = 1048576                                   {product} {ergonomic}
    uintx NonNMethodCodeHeapSize                   = 5836300                                {pd product} {ergonomic}
    uintx NonProfiledCodeHeapSize                  = 122910970                              {pd product} {ergonomic}
    uintx ProfiledCodeHeapSize                     = 122910970                              {pd product} {ergonomic}
    uintx ReservedCodeCacheSize                    = 251658240                              {pd product} {ergonomic}
     bool SegmentedCodeCache                       = true                                      {product} {ergonomic}
     bool UseCompressedClassPointers               = true                                 {lp64_product} {ergonomic}
     bool UseCompressedOops                        = true                                 {lp64_product} {ergonomic}
     bool UseG1GC                                  = true                                      {product} {ergonomic}

Logging:
Log output configuration:
 #0: stdout all=warning uptime,level,tags
 #1: stderr all=off uptime,level,tags

Environment Variables:
JAVA_HOME=/Users/gergoferenczi/Library/Java/JavaVirtualMachines/openjdk-16.0.1/Contents/Home
PATH=/usr/local/bin:/usr/bin:/bin:/usr/sbin:/sbin:/usr/local/Cellar/mongodb-community-shell/4.2.0/bin:/Users/gergoferenczi/Library/Python/3.7/bin:/Library/PostgreSQL/13/bin:/Applications/VMware Fusion.app/Contents/Public
SHELL=/bin/bash
LC_CTYPE=en_GB.UTF-8

Signal Handlers:
SIGSEGV: [libjvm.dylib+0x7b893a], sa_mask[0]=11111111011111110111111111111111, sa_flags=SA_ONSTACK|SA_RESTART|SA_SIGINFO
SIGBUS: [libjvm.dylib+0x7b893a], sa_mask[0]=11111111011111110111111111111111, sa_flags=SA_RESTART|SA_SIGINFO
SIGFPE: [libjvm.dylib+0x7b893a], sa_mask[0]=11111111011111110111111111111111, sa_flags=SA_RESTART|SA_SIGINFO
SIGPIPE: [libjvm.dylib+0x61e7db], sa_mask[0]=11111111011111110111111111111111, sa_flags=SA_RESTART|SA_SIGINFO
SIGXFSZ: [libjvm.dylib+0x61e7db], sa_mask[0]=11111111011111110111111111111111, sa_flags=SA_RESTART|SA_SIGINFO
SIGILL: [libjvm.dylib+0x7b893a], sa_mask[0]=11111111011111110111111111111111, sa_flags=SA_RESTART|SA_SIGINFO
SIGUSR2: [libjvm.dylib+0x61edc3], sa_mask[0]=00100000000000000000000000000000, sa_flags=SA_RESTART|SA_SIGINFO
SIGHUP: [libjvm.dylib+0x61d909], sa_mask[0]=11111111011111110111111111111111, sa_flags=SA_RESTART|SA_SIGINFO
SIGINT: [libjvm.dylib+0x61d909], sa_mask[0]=11111111011111110111111111111111, sa_flags=SA_RESTART|SA_SIGINFO
SIGTERM: [libjvm.dylib+0x61d909], sa_mask[0]=11111111011111110111111111111111, sa_flags=SA_RESTART|SA_SIGINFO
SIGQUIT: [libjvm.dylib+0x61d909], sa_mask[0]=11111111011111110111111111111111, sa_flags=SA_RESTART|SA_SIGINFO


---------------  S Y S T E M  ---------------

OS:uname:Darwin 20.4.0 Darwin Kernel Version 20.4.0: Thu Apr 22 21:46:47 PDT 2021; root:xnu-7195.101.2~1/RELEASE_X86_64 x86_64
OS uptime: 14 days 8:41 hours
rlimit (soft/hard): STACK 8192k/65532k , CORE 0k/infinity , NPROC 1392/2088 , NOFILE 10240/infinity , AS infinity/infinity , CPU infinity/infinity , DATA infinity/infinity , FSIZE infinity/infinity , MEMLOCK infinity/infinity , RSS infinity/infinity
load average:2.20 2.50 2.46

CPU:total 8 (initial active 8) (4 cores per cpu, 2 threads per core) family 6 model 142 stepping 10 microcode 0xe0, cmov, cx8, fxsr, mmx, sse, sse2, sse3, ssse3, sse4.1, sse4.2, popcnt, avx, avx2, aes, clmul, erms, 3dnowpref, lzcnt, ht, tsc, tscinvbit, bmi1, bmi2, adx, fma

Memory: 4k page, physical 8388608k(312596k free), swap 3145728k(1213440k free)

vm_info: OpenJDK 64-Bit Server VM (11.0.10+9) for bsd-amd64 JRE (11.0.10+9), built on Jan 20 2021 11:55:30 by "jenkins" with gcc 4.2.1 Compatible Apple LLVM 10.0.1 (clang-1001.0.46.4)

END.
